#
# There is insufficient memory for the Java Runtime Environment to continue.
# Native memory allocation (malloc) failed to allocate 1048576 bytes for AllocateHeap
# Possible reasons:
#   The system is out of physical RAM or swap space
#   The process is running with CompressedOops enabled, and the Java Heap may be blocking the growth of the native heap
# Possible solutions:
#   Reduce memory load on the system
#   Increase physical memory or swap space
#   Check if swap backing store is full
#   Decrease Java heap size (-Xmx/-Xms)
#   Decrease number of Java threads
#   Decrease Java thread stack sizes (-Xss)
#   Set larger code cache with -XX:ReservedCodeCacheSize=
#   JVM is running with Unscaled Compressed Oops mode in which the Java heap is
#     placed in the first 4GB address space. The Java Heap base address is the
#     maximum limit for the native heap growth. Please use -XX:HeapBaseMinAddress
#     to set the Java Heap base and to place the Java Heap above 4GB virtual address.
# This output file may be truncated or incomplete.
#
#  Out of Memory Error (allocation.cpp:44), pid=7344, tid=10580
#
# JRE version: OpenJDK Runtime Environment Temurin-17.0.10+7 (17.0.10+7) (build 17.0.10+7)
# Java VM: OpenJDK 64-Bit Server VM Temurin-17.0.10+7 (17.0.10+7, mixed mode, emulated-client, tiered, compressed oops, compressed class ptrs, g1 gc, windows-amd64)
# No core dump will be written. Minidumps are not enabled by default on client versions of Windows
#

---------------  S U M M A R Y ------------

Command Line: -XX:+HeapDumpOnOutOfMemoryError -Xmx1024m -Dsts.lsp.client=vscode -Dsts.log.file=/dev/null -XX:TieredStopAtLevel=1 -Xlog:jni+resolve=off -Dspring.config.location=file:c:\Users\Lagea Backoffice\.vscode\extensions\vmware.vscode-spring-boot-1.53.0\language-server\BOOT-INF\classes\application.properties org.springframework.ide.vscode.boot.app.BootLanguageServerBootApp

Host: 11th Gen Intel(R) Core(TM) i5-1135G7 @ 2.40GHz, 8 cores, 7G,  Windows 10 , 64 bit Build 19041 (10.0.19041.3636)
Time: Sat Mar 30 09:42:54 2024 Hora oficial do Brasil elapsed time: 7911.307339 seconds (0d 2h 11m 51s)

---------------  T H R E A D  ---------------

Current thread (0x00000266aa82b820):  VMThread "VM Thread" [stack: 0x000000b99ef00000,0x000000b99f000000] [id=10580]

Stack: [0x000000b99ef00000,0x000000b99f000000]
Native frames: (J=compiled Java code, j=interpreted, Vv=VM code, C=native code)
V  [jvm.dll+0x67d2c9]
V  [jvm.dll+0x834afa]
V  [jvm.dll+0x8365be]
V  [jvm.dll+0x836c23]
V  [jvm.dll+0x2477ff]
V  [jvm.dll+0xa6c93]
V  [jvm.dll+0x2f8663]
V  [jvm.dll+0x2f42e0]
V  [jvm.dll+0x2dc8c7]
V  [jvm.dll+0x31fb87]
V  [jvm.dll+0x83b11b]
V  [jvm.dll+0x83be61]
V  [jvm.dll+0x83c37d]
V  [jvm.dll+0x83c754]
V  [jvm.dll+0x83c820]
V  [jvm.dll+0x7e3fba]
V  [jvm.dll+0x67c1b5]
C  [ucrtbase.dll+0x21bb2]
C  [KERNEL32.DLL+0x17344]
C  [ntdll.dll+0x526b1]

VM_Operation (0x000000b9a07fef60): G1CollectFull, mode: safepoint, requested by thread 0x00000266b0316070


---------------  P R O C E S S  ---------------

Threads class SMR info:
_java_thread_list=0x00000266af6138a0, length=27, elements={
0x00000266aa83c410, 0x00000266aa83e500, 0x00000266aa9be1c0, 0x00000266aa9bea90,
0x00000266aa86d330, 0x00000266aa870010, 0x00000266aa8708e0, 0x00000266aa87cac0,
0x00000266aabb6780, 0x00000266aabc27c0, 0x00000266af8e8d40, 0x00000266b0316070,
0x00000266b0378bf0, 0x000002669fa0b580, 0x00000266affb0060, 0x00000266b03bad40,
0x00000266b03e8a80, 0x00000266b03eadf0, 0x00000266b03eb810, 0x00000266b03e99b0,
0x00000266b03e9ec0, 0x00000266b0453e10, 0x00000266b0451fb0, 0x00000266b04584f0,
0x00000266b0457ad0, 0x00000266b0456ba0, 0x00000266b0454320
}

Java Threads: ( => current thread )
  0x00000266aa83c410 JavaThread "Reference Handler" daemon [_thread_blocked, id=3640, stack(0x000000b99f000000,0x000000b99f100000)]
  0x00000266aa83e500 JavaThread "Finalizer" daemon [_thread_blocked, id=7436, stack(0x000000b99f100000,0x000000b99f200000)]
  0x00000266aa9be1c0 JavaThread "Signal Dispatcher" daemon [_thread_blocked, id=12528, stack(0x000000b99f200000,0x000000b99f300000)]
  0x00000266aa9bea90 JavaThread "Attach Listener" daemon [_thread_blocked, id=2276, stack(0x000000b99f300000,0x000000b99f400000)]
  0x00000266aa86d330 JavaThread "Service Thread" daemon [_thread_blocked, id=10948, stack(0x000000b99f400000,0x000000b99f500000)]
  0x00000266aa870010 JavaThread "Monitor Deflation Thread" daemon [_thread_blocked, id=8284, stack(0x000000b99f500000,0x000000b99f600000)]
  0x00000266aa8708e0 JavaThread "C1 CompilerThread0" daemon [_thread_blocked, id=3048, stack(0x000000b99f600000,0x000000b99f700000)]
  0x00000266aa87cac0 JavaThread "Sweeper thread" daemon [_thread_blocked, id=3124, stack(0x000000b99f700000,0x000000b99f800000)]
  0x00000266aabb6780 JavaThread "Notification Thread" daemon [_thread_blocked, id=6232, stack(0x000000b99fb00000,0x000000b99fc00000)]
  0x00000266aabc27c0 JavaThread "Common-Cleaner" daemon [_thread_blocked, id=5520, stack(0x000000b99fd00000,0x000000b99fe00000)]
  0x00000266af8e8d40 JavaThread "boundedElastic-evictor-1" daemon [_thread_blocked, id=1192, stack(0x000000b9a0100000,0x000000b9a0200000)]
  0x00000266b0316070 JavaThread "pool-13-thread-1" [_thread_blocked, id=11324, stack(0x000000b9a0700000,0x000000b9a0800000)]
  0x00000266b0378bf0 JavaThread "LanguageServerApp-lifecycle" [_thread_blocked, id=1528, stack(0x000000b9a0800000,0x000000b9a0900000)]
  0x000002669fa0b580 JavaThread "DestroyJavaVM" [_thread_blocked, id=12624, stack(0x000000b99e900000,0x000000b99ea00000)]
  0x00000266affb0060 JavaThread "pool-14-thread-1" [_thread_in_native, id=10300, stack(0x000000b9a0900000,0x000000b9a0a00000)]
  0x00000266b03bad40 JavaThread "Simple-Language-Server main thread" daemon [_thread_blocked, id=1224, stack(0x000000b9a0a00000,0x000000b9a0b00000)]
  0x00000266b03e8a80 JavaThread "pool-8-thread-1" [_thread_blocked, id=3184, stack(0x000000b9a0f00000,0x000000b9a1000000)]
  0x00000266b03eadf0 JavaThread "parallel-1" daemon [_thread_blocked, id=6972, stack(0x000000b9a1000000,0x000000b9a1100000)]
  0x00000266b03eb810 JavaThread "pool-6-thread-1" [_thread_blocked, id=4852, stack(0x000000b9a1100000,0x000000b9a1200000)]
  0x00000266b03e99b0 JavaThread "parallel-2" daemon [_thread_blocked, id=5704, stack(0x000000b9a1200000,0x000000b9a1300000)]
  0x00000266b03e9ec0 JavaThread "parallel-3" daemon [_thread_blocked, id=5184, stack(0x000000b9a1300000,0x000000b9a1400000)]
  0x00000266b0453e10 JavaThread "parallel-4" daemon [_thread_blocked, id=13452, stack(0x000000b9a1b00000,0x000000b9a1c00000)]
  0x00000266b0451fb0 JavaThread "parallel-5" daemon [_thread_blocked, id=10552, stack(0x000000b9a1c00000,0x000000b9a1d00000)]
  0x00000266b04584f0 JavaThread "Reconciler-1" daemon [_thread_blocked, id=11580, stack(0x000000b9a1d00000,0x000000b9a1e00000)]
  0x00000266b0457ad0 JavaThread "parallel-6" daemon [_thread_blocked, id=10260, stack(0x000000b99f800000,0x000000b99f900000)]
  0x00000266b0456ba0 JavaThread "parallel-7" daemon [_thread_blocked, id=13760, stack(0x000000b9a0200000,0x000000b9a0300000)]
  0x00000266b0454320 JavaThread "parallel-8" daemon [_thread_blocked, id=4620, stack(0x000000b9a0300000,0x000000b9a0400000)]

Other Threads:
=>0x00000266aa82b820 VMThread "VM Thread" [stack: 0x000000b99ef00000,0x000000b99f000000] [id=10580]
  0x00000266aabb6c60 WatcherThread [stack: 0x000000b99fc00000,0x000000b99fd00000] [id=7744]
  0x000002669fa48fe0 GCTaskThread "GC Thread#0" [stack: 0x000000b99ea00000,0x000000b99eb00000] [id=12420]
  0x00000266aaa6fd30 GCTaskThread "GC Thread#1" [stack: 0x000000b99f900000,0x000000b99fa00000] [id=8032]
  0x00000266af1af8b0 GCTaskThread "GC Thread#2" [stack: 0x000000b99fa00000,0x000000b99fb00000] [id=6564]
  0x00000266af1afb70 GCTaskThread "GC Thread#3" [stack: 0x000000b99fe00000,0x000000b99ff00000] [id=996]
  0x00000266aad4a720 GCTaskThread "GC Thread#4" [stack: 0x000000b99ff00000,0x000000b9a0000000] [id=7720]
  0x00000266afa94a30 GCTaskThread "GC Thread#5" [stack: 0x000000b9a0000000,0x000000b9a0100000] [id=12508]
  0x00000266af6fb530 GCTaskThread "GC Thread#6" [stack: 0x000000b9a0400000,0x000000b9a0500000] [id=11868]
  0x00000266af5d2440 GCTaskThread "GC Thread#7" [stack: 0x000000b9a0500000,0x000000b9a0600000] [id=12040]
  0x000002669fa51f30 ConcurrentGCThread "G1 Main Marker" [stack: 0x000000b99eb00000,0x000000b99ec00000] [id=7244]
  0x000002669fa52950 ConcurrentGCThread "G1 Conc#0" [stack: 0x000000b99ec00000,0x000000b99ed00000] [id=1044]
  0x00000266afd20070 ConcurrentGCThread "G1 Conc#1" [stack: 0x000000b9a0600000,0x000000b9a0700000] [id=9344]
  0x00000266aa690090 ConcurrentGCThread "G1 Refine#0" [stack: 0x000000b99ed00000,0x000000b99ee00000] [id=152]
  0x00000266aa690ac0 ConcurrentGCThread "G1 Service" [stack: 0x000000b99ee00000,0x000000b99ef00000] [id=4180]

Threads with active compile tasks:

VM state: at safepoint (normal execution)

VM Mutex/Monitor currently owned by a thread:  ([mutex/lock_event])
[0x000002669d7cf070] Threads_lock - owner thread: 0x00000266aa82b820
[0x000002669fa07ec0] Heap_lock - owner thread: 0x00000266b0316070

Heap address: 0x00000000c0000000, size: 1024 MB, Compressed Oops mode: 32-bit

CDS archive(s) not mapped
Compressed class space mapped at: 0x0000000100000000-0x0000000140000000, reserved size: 1073741824
Narrow klass base: 0x0000000000000000, Narrow klass shift: 3, Narrow klass range: 0x140000000

GC Precious Log:
 CPUs: 8 total, 8 available
 Memory: 7915M
 Large Page Support: Disabled
 NUMA Support: Disabled
 Compressed Oops: Enabled (32-bit)
 Heap Region Size: 1M
 Heap Min Capacity: 8M
 Heap Initial Capacity: 124M
 Heap Max Capacity: 1G
 Pre-touch: Disabled
 Parallel Workers: 8
 Concurrent Workers: 2
 Concurrent Refinement Workers: 8
 Periodic GC: Disabled

Heap:
 garbage-first heap   total 99328K, used 35850K [0x00000000c0000000, 0x0000000100000000)
  region size 1024K, 1 young (1024K), 0 survivors (0K)
 Metaspace       used 58863K, committed 59328K, reserved 1114112K
  class space    used 7322K, committed 7552K, reserved 1048576K

Heap Regions: E=young(eden), S=young(survivor), O=old, HS=humongous(starts), HC=humongous(continues), CS=collection set, F=free, OA=open archive, CA=closed archive, TAMS=top-at-mark-start (previous, next)
|   0|0x00000000c0000000, 0x00000000c0100000, 0x00000000c0100000|100%|HS|  |TAMS 0x00000000c0100000, 0x00000000c0000000| Untracked 
|   1|0x00000000c0100000, 0x00000000c0200000, 0x00000000c0200000|100%|HC|  |TAMS 0x00000000c0200000, 0x00000000c0100000| Untracked 
|   2|0x00000000c0200000, 0x00000000c0300000, 0x00000000c0300000|100%|HC|  |TAMS 0x00000000c0300000, 0x00000000c0200000| Untracked 
|   3|0x00000000c0300000, 0x00000000c0400000, 0x00000000c0400000|100%|HC|  |TAMS 0x00000000c0400000, 0x00000000c0300000| Untracked 
|   4|0x00000000c0400000, 0x00000000c0500000, 0x00000000c0500000|100%|HS|  |TAMS 0x00000000c0500000, 0x00000000c0400000| Untracked 
|   5|0x00000000c0500000, 0x00000000c0600000, 0x00000000c0600000|100%|HC|  |TAMS 0x00000000c0600000, 0x00000000c0500000| Untracked 
|   6|0x00000000c0600000, 0x00000000c0700000, 0x00000000c0700000|100%| O|  |TAMS 0x00000000c0700000, 0x00000000c0600000| Untracked 
|   7|0x00000000c0700000, 0x00000000c0800000, 0x00000000c0800000|100%| O|  |TAMS 0x00000000c0800000, 0x00000000c0700000| Untracked 
|   8|0x00000000c0800000, 0x00000000c0900000, 0x00000000c0900000|100%| O|  |TAMS 0x00000000c0900000, 0x00000000c0800000| Untracked 
|   9|0x00000000c0900000, 0x00000000c0a00000, 0x00000000c0a00000|100%| O|  |TAMS 0x00000000c0a00000, 0x00000000c0900000| Untracked 
|  10|0x00000000c0a00000, 0x00000000c0affff8, 0x00000000c0b00000| 99%| O|  |TAMS 0x00000000c0affff8, 0x00000000c0a00000| Untracked 
|  11|0x00000000c0b00000, 0x00000000c0bfffe8, 0x00000000c0c00000| 99%| O|  |TAMS 0x00000000c0bfffe8, 0x00000000c0b00000| Untracked 
|  12|0x00000000c0c00000, 0x00000000c0cfffc0, 0x00000000c0d00000| 99%| O|  |TAMS 0x00000000c0cfffc0, 0x00000000c0c00000| Untracked 
|  13|0x00000000c0d00000, 0x00000000c0e00000, 0x00000000c0e00000|100%| O|  |TAMS 0x00000000c0e00000, 0x00000000c0d00000| Untracked 
|  14|0x00000000c0e00000, 0x00000000c0f00000, 0x00000000c0f00000|100%| O|  |TAMS 0x00000000c0f00000, 0x00000000c0e00000| Untracked 
|  15|0x00000000c0f00000, 0x00000000c0ffff90, 0x00000000c1000000| 99%| O|  |TAMS 0x00000000c0ffff90, 0x00000000c0f00000| Untracked 
|  16|0x00000000c1000000, 0x00000000c10ffff0, 0x00000000c1100000| 99%| O|  |TAMS 0x00000000c10ffff0, 0x00000000c1000000| Untracked 
|  17|0x00000000c1100000, 0x00000000c11f5490, 0x00000000c1200000| 95%| O|  |TAMS 0x00000000c11f5490, 0x00000000c1100000| Untracked 
|  18|0x00000000c1200000, 0x00000000c12fffc8, 0x00000000c1300000| 99%| O|  |TAMS 0x00000000c12fffc8, 0x00000000c1200000| Untracked 
|  19|0x00000000c1300000, 0x00000000c13ffff8, 0x00000000c1400000| 99%| O|  |TAMS 0x00000000c13ffff8, 0x00000000c1300000| Untracked 
|  20|0x00000000c1400000, 0x00000000c14ffff0, 0x00000000c1500000| 99%| O|  |TAMS 0x00000000c14ffff0, 0x00000000c1400000| Untracked 
|  21|0x00000000c1500000, 0x00000000c15fffe0, 0x00000000c1600000| 99%| O|  |TAMS 0x00000000c15fffe0, 0x00000000c1500000| Untracked 
|  22|0x00000000c1600000, 0x00000000c1700000, 0x00000000c1700000|100%| O|  |TAMS 0x00000000c1700000, 0x00000000c1600000| Untracked 
|  23|0x00000000c1700000, 0x00000000c17ffff0, 0x00000000c1800000| 99%| O|  |TAMS 0x00000000c17ffff0, 0x00000000c1700000| Untracked 
|  24|0x00000000c1800000, 0x00000000c18ffff0, 0x00000000c1900000| 99%| O|  |TAMS 0x00000000c18ffff0, 0x00000000c1800000| Untracked 
|  25|0x00000000c1900000, 0x00000000c1a00000, 0x00000000c1a00000|100%| O|  |TAMS 0x00000000c1a00000, 0x00000000c1900000| Untracked 
|  26|0x00000000c1a00000, 0x00000000c1affeb0, 0x00000000c1b00000| 99%| O|  |TAMS 0x00000000c1affeb0, 0x00000000c1a00000| Untracked 
|  27|0x00000000c1b00000, 0x00000000c1bffad8, 0x00000000c1c00000| 99%| O|  |TAMS 0x00000000c1bffad8, 0x00000000c1b00000| Untracked 
|  28|0x00000000c1c00000, 0x00000000c1cffff8, 0x00000000c1d00000| 99%| O|  |TAMS 0x00000000c1cffff8, 0x00000000c1c00000| Untracked 
|  29|0x00000000c1d00000, 0x00000000c1dfffe8, 0x00000000c1e00000| 99%| O|  |TAMS 0x00000000c1dfffe8, 0x00000000c1d00000| Untracked 
|  30|0x00000000c1e00000, 0x00000000c1efc120, 0x00000000c1f00000| 98%| O|  |TAMS 0x00000000c1efc120, 0x00000000c1e00000| Untracked 
|  31|0x00000000c1f00000, 0x00000000c2000000, 0x00000000c2000000|100%|HS|  |TAMS 0x00000000c2000000, 0x00000000c1f00000| Untracked 
|  32|0x00000000c2000000, 0x00000000c20f6178, 0x00000000c2100000| 96%| O|  |TAMS 0x00000000c20f6178, 0x00000000c2000000| Untracked 
|  33|0x00000000c2100000, 0x00000000c21fffe8, 0x00000000c2200000| 99%| O|  |TAMS 0x00000000c21fffe8, 0x00000000c2100000| Untracked 
|  34|0x00000000c2200000, 0x00000000c221b960, 0x00000000c2300000| 10%| O|  |TAMS 0x00000000c2200000, 0x00000000c2200000| Untracked 
|  35|0x00000000c2300000, 0x00000000c2300000, 0x00000000c2400000|  0%| F|  |TAMS 0x00000000c2300000, 0x00000000c2300000| Untracked 
|  36|0x00000000c2400000, 0x00000000c2400000, 0x00000000c2500000|  0%| F|  |TAMS 0x00000000c2400000, 0x00000000c2400000| Untracked 
|  37|0x00000000c2500000, 0x00000000c2500000, 0x00000000c2600000|  0%| F|  |TAMS 0x00000000c2500000, 0x00000000c2500000| Untracked 
|  38|0x00000000c2600000, 0x00000000c2600000, 0x00000000c2700000|  0%| F|  |TAMS 0x00000000c2600000, 0x00000000c2600000| Untracked 
|  39|0x00000000c2700000, 0x00000000c2700000, 0x00000000c2800000|  0%| F|  |TAMS 0x00000000c2700000, 0x00000000c2700000| Untracked 
|  40|0x00000000c2800000, 0x00000000c2800000, 0x00000000c2900000|  0%| F|  |TAMS 0x00000000c2800000, 0x00000000c2800000| Untracked 
|  41|0x00000000c2900000, 0x00000000c2900000, 0x00000000c2a00000|  0%| F|  |TAMS 0x00000000c2900000, 0x00000000c2900000| Untracked 
|  42|0x00000000c2a00000, 0x00000000c2a00000, 0x00000000c2b00000|  0%| F|  |TAMS 0x00000000c2a00000, 0x00000000c2a00000| Untracked 
|  43|0x00000000c2b00000, 0x00000000c2b00000, 0x00000000c2c00000|  0%| F|  |TAMS 0x00000000c2b00000, 0x00000000c2b00000| Untracked 
|  44|0x00000000c2c00000, 0x00000000c2c00000, 0x00000000c2d00000|  0%| F|  |TAMS 0x00000000c2c00000, 0x00000000c2c00000| Untracked 
|  45|0x00000000c2d00000, 0x00000000c2d00000, 0x00000000c2e00000|  0%| F|  |TAMS 0x00000000c2d00000, 0x00000000c2d00000| Untracked 
|  46|0x00000000c2e00000, 0x00000000c2e00000, 0x00000000c2f00000|  0%| F|  |TAMS 0x00000000c2e00000, 0x00000000c2e00000| Untracked 
|  47|0x00000000c2f00000, 0x00000000c2f00000, 0x00000000c3000000|  0%| F|  |TAMS 0x00000000c2f00000, 0x00000000c2f00000| Untracked 
|  48|0x00000000c3000000, 0x00000000c3100000, 0x00000000c3100000|100%| O|  |TAMS 0x00000000c3100000, 0x00000000c3000000| Untracked 
|  49|0x00000000c3100000, 0x00000000c3100000, 0x00000000c3200000|  0%| F|  |TAMS 0x00000000c3100000, 0x00000000c3100000| Untracked 
|  50|0x00000000c3200000, 0x00000000c3200000, 0x00000000c3300000|  0%| F|  |TAMS 0x00000000c3200000, 0x00000000c3200000| Untracked 
|  51|0x00000000c3300000, 0x00000000c3300000, 0x00000000c3400000|  0%| F|  |TAMS 0x00000000c3300000, 0x00000000c3300000| Untracked 
|  52|0x00000000c3400000, 0x00000000c3400000, 0x00000000c3500000|  0%| F|  |TAMS 0x00000000c3400000, 0x00000000c3400000| Untracked 
|  53|0x00000000c3500000, 0x00000000c3500000, 0x00000000c3600000|  0%| F|  |TAMS 0x00000000c3500000, 0x00000000c3500000| Untracked 
|  54|0x00000000c3600000, 0x00000000c3600000, 0x00000000c3700000|  0%| F|  |TAMS 0x00000000c3600000, 0x00000000c3600000| Untracked 
|  55|0x00000000c3700000, 0x00000000c3700000, 0x00000000c3800000|  0%| F|  |TAMS 0x00000000c3700000, 0x00000000c3700000| Untracked 
|  56|0x00000000c3800000, 0x00000000c3800000, 0x00000000c3900000|  0%| F|  |TAMS 0x00000000c3800000, 0x00000000c3800000| Untracked 
|  57|0x00000000c3900000, 0x00000000c3900000, 0x00000000c3a00000|  0%| F|  |TAMS 0x00000000c3900000, 0x00000000c3900000| Untracked 
|  58|0x00000000c3a00000, 0x00000000c3a00000, 0x00000000c3b00000|  0%| F|  |TAMS 0x00000000c3a00000, 0x00000000c3a00000| Untracked 
|  59|0x00000000c3b00000, 0x00000000c3b00000, 0x00000000c3c00000|  0%| F|  |TAMS 0x00000000c3b00000, 0x00000000c3b00000| Untracked 
|  60|0x00000000c3c00000, 0x00000000c3c00000, 0x00000000c3d00000|  0%| F|  |TAMS 0x00000000c3c00000, 0x00000000c3c00000| Untracked 
|  61|0x00000000c3d00000, 0x00000000c3d00000, 0x00000000c3e00000|  0%| F|  |TAMS 0x00000000c3d00000, 0x00000000c3d00000| Untracked 
|  62|0x00000000c3e00000, 0x00000000c3e00000, 0x00000000c3f00000|  0%| F|  |TAMS 0x00000000c3e00000, 0x00000000c3e00000| Untracked 
|  63|0x00000000c3f00000, 0x00000000c3f00000, 0x00000000c4000000|  0%| F|  |TAMS 0x00000000c3f00000, 0x00000000c3f00000| Untracked 
|  64|0x00000000c4000000, 0x00000000c4000000, 0x00000000c4100000|  0%| F|  |TAMS 0x00000000c4000000, 0x00000000c4000000| Untracked 
|  65|0x00000000c4100000, 0x00000000c4100000, 0x00000000c4200000|  0%| F|  |TAMS 0x00000000c4100000, 0x00000000c4100000| Untracked 
|  66|0x00000000c4200000, 0x00000000c4200000, 0x00000000c4300000|  0%| F|  |TAMS 0x00000000c4200000, 0x00000000c4200000| Untracked 
|  67|0x00000000c4300000, 0x00000000c4300000, 0x00000000c4400000|  0%| F|  |TAMS 0x00000000c4300000, 0x00000000c4300000| Untracked 
|  68|0x00000000c4400000, 0x00000000c4400000, 0x00000000c4500000|  0%| F|  |TAMS 0x00000000c4400000, 0x00000000c4400000| Untracked 
|  69|0x00000000c4500000, 0x00000000c4500000, 0x00000000c4600000|  0%| F|  |TAMS 0x00000000c4500000, 0x00000000c4500000| Untracked 
|  70|0x00000000c4600000, 0x00000000c4600000, 0x00000000c4700000|  0%| F|  |TAMS 0x00000000c4600000, 0x00000000c4600000| Untracked 
|  71|0x00000000c4700000, 0x00000000c4700000, 0x00000000c4800000|  0%| F|  |TAMS 0x00000000c4700000, 0x00000000c4700000| Untracked 
|  72|0x00000000c4800000, 0x00000000c4800000, 0x00000000c4900000|  0%| F|  |TAMS 0x00000000c4800000, 0x00000000c4800000| Untracked 
|  73|0x00000000c4900000, 0x00000000c4900000, 0x00000000c4a00000|  0%| F|  |TAMS 0x00000000c4900000, 0x00000000c4900000| Untracked 
|  74|0x00000000c4a00000, 0x00000000c4a00000, 0x00000000c4b00000|  0%| F|  |TAMS 0x00000000c4a00000, 0x00000000c4a00000| Untracked 
|  75|0x00000000c4b00000, 0x00000000c4b00000, 0x00000000c4c00000|  0%| F|  |TAMS 0x00000000c4b00000, 0x00000000c4b00000| Untracked 
|  76|0x00000000c4c00000, 0x00000000c4c00000, 0x00000000c4d00000|  0%| F|  |TAMS 0x00000000c4c00000, 0x00000000c4c00000| Untracked 
|  77|0x00000000c4d00000, 0x00000000c4d00000, 0x00000000c4e00000|  0%| F|  |TAMS 0x00000000c4d00000, 0x00000000c4d00000| Untracked 
|  78|0x00000000c4e00000, 0x00000000c4e00000, 0x00000000c4f00000|  0%| F|  |TAMS 0x00000000c4e00000, 0x00000000c4e00000| Untracked 
|  79|0x00000000c4f00000, 0x00000000c4f00000, 0x00000000c5000000|  0%| F|  |TAMS 0x00000000c4f00000, 0x00000000c4f00000| Untracked 
|  80|0x00000000c5000000, 0x00000000c5000000, 0x00000000c5100000|  0%| F|  |TAMS 0x00000000c5000000, 0x00000000c5000000| Untracked 
|  81|0x00000000c5100000, 0x00000000c5100000, 0x00000000c5200000|  0%| F|  |TAMS 0x00000000c5100000, 0x00000000c5100000| Untracked 
|  82|0x00000000c5200000, 0x00000000c5200000, 0x00000000c5300000|  0%| F|  |TAMS 0x00000000c5200000, 0x00000000c5200000| Untracked 
|  83|0x00000000c5300000, 0x00000000c5300000, 0x00000000c5400000|  0%| F|  |TAMS 0x00000000c5300000, 0x00000000c5300000| Untracked 
|  84|0x00000000c5400000, 0x00000000c5400000, 0x00000000c5500000|  0%| F|  |TAMS 0x00000000c5400000, 0x00000000c5400000| Untracked 
|  85|0x00000000c5500000, 0x00000000c5500000, 0x00000000c5600000|  0%| F|  |TAMS 0x00000000c5500000, 0x00000000c5500000| Untracked 
|  86|0x00000000c5600000, 0x00000000c5600000, 0x00000000c5700000|  0%| F|  |TAMS 0x00000000c5600000, 0x00000000c5600000| Untracked 
|  87|0x00000000c5700000, 0x00000000c5700000, 0x00000000c5800000|  0%| F|  |TAMS 0x00000000c5700000, 0x00000000c5700000| Untracked 
|  88|0x00000000c5800000, 0x00000000c5800000, 0x00000000c5900000|  0%| F|  |TAMS 0x00000000c5800000, 0x00000000c5800000| Untracked 
|  89|0x00000000c5900000, 0x00000000c5900000, 0x00000000c5a00000|  0%| F|  |TAMS 0x00000000c5900000, 0x00000000c5900000| Untracked 
|  90|0x00000000c5a00000, 0x00000000c5a00000, 0x00000000c5b00000|  0%| F|  |TAMS 0x00000000c5a00000, 0x00000000c5a00000| Untracked 
|  91|0x00000000c5b00000, 0x00000000c5b00000, 0x00000000c5c00000|  0%| F|  |TAMS 0x00000000c5b00000, 0x00000000c5b00000| Untracked 
|  92|0x00000000c5c00000, 0x00000000c5c00000, 0x00000000c5d00000|  0%| F|  |TAMS 0x00000000c5c00000, 0x00000000c5c00000| Untracked 
|  93|0x00000000c5d00000, 0x00000000c5d00000, 0x00000000c5e00000|  0%| F|  |TAMS 0x00000000c5d00000, 0x00000000c5d00000| Untracked 
|  94|0x00000000c5e00000, 0x00000000c5e00000, 0x00000000c5f00000|  0%| F|  |TAMS 0x00000000c5e00000, 0x00000000c5e00000| Untracked 
|  95|0x00000000c5f00000, 0x00000000c5f00000, 0x00000000c6000000|  0%| F|  |TAMS 0x00000000c5f00000, 0x00000000c5f00000| Untracked 
| 137|0x00000000c8900000, 0x00000000c89058a8, 0x00000000c8a00000|  2%| E|  |TAMS 0x00000000c8900000, 0x00000000c8900000| Complete 

Card table byte_map: [0x00000266a59b0000,0x00000266a5bb0000] _byte_map_base: 0x00000266a53b0000

Marking Bits (Prev, Next): (CMBitMap*) 0x000002669fa49640, (CMBitMap*) 0x000002669fa49600
 Prev Bits: [0x00000266a6db0000, 0x00000266a7db0000)
 Next Bits: [0x00000266a5db0000, 0x00000266a6db0000)

Polling page: 0x000002669d9b0000

Metaspace:

Usage:
  Non-class:     50.33 MB used.
      Class:      7.15 MB used.
       Both:     57.48 MB used.

Virtual space:
  Non-class space:       64.00 MB reserved,      50.56 MB ( 79%) committed,  1 nodes.
      Class space:        1.00 GB reserved,       7.38 MB ( <1%) committed,  1 nodes.
             Both:        1.06 GB reserved,      57.94 MB (  5%) committed. 

Chunk freelists:
   Non-Class:  12.60 MB
       Class:  8.51 MB
        Both:  21.11 MB

MaxMetaspaceSize: unlimited
CompressedClassSpaceSize: 1.00 GB
Initial GC threshold: 21.00 MB
Current GC threshold: 96.38 MB
CDS: off
MetaspaceReclaimPolicy: balanced
 - commit_granule_bytes: 65536.
 - commit_granule_words: 8192.
 - virtual_space_node_default_size: 8388608.
 - enlarge_chunks_in_place: 1.
 - new_chunks_are_fully_committed: 0.
 - uncommit_free_chunks: 1.
 - use_allocation_guard: 0.
 - handle_deallocations: 1.


Internal statistics:

num_allocs_failed_limit: 6.
num_arena_births: 778.
num_arena_deaths: 292.
num_vsnodes_births: 2.
num_vsnodes_deaths: 0.
num_space_committed: 927.
num_space_uncommitted: 0.
num_chunks_returned_to_freelist: 362.
num_chunks_taken_from_freelist: 2712.
num_chunk_merges: 99.
num_chunk_splits: 1776.
num_chunks_enlarged: 1330.
num_inconsistent_stats: 0.

CodeCache: size=49152Kb used=14393Kb max_used=14784Kb free=34758Kb
 bounds [0x00000266a26a0000, 0x00000266a3590000, 0x00000266a56a0000]
 total_blobs=8450 nmethods=7777 adapters=599
 compilation: enabled
              stopped_count=0, restarted_count=0
 full_count=0

Compilation events (20 events):
Event: 3356.288 Thread 0x00000266aa8708e0 7764       1       java.lang.Process::<init> (5 bytes)
Event: 3356.288 Thread 0x00000266aa8708e0 nmethod 7764 0x00000266a3421390 code [0x00000266a3421520, 0x00000266a34215d8]
Event: 3356.288 Thread 0x00000266aa8708e0 7766       1       java.lang.invoke.LambdaForm$DMH/0x0000000100089c00::newInvokeSpecial (23 bytes)
Event: 3356.288 Thread 0x00000266aa8708e0 nmethod 7766 0x00000266a3420f10 code [0x00000266a34210c0, 0x00000266a3421248]
Event: 3356.288 Thread 0x00000266aa8708e0 7767       1       java.lang.ProcessImpl$$Lambda$1129/0x00000001006c6ec8::<init> (10 bytes)
Event: 3356.288 Thread 0x00000266aa8708e0 nmethod 7767 0x00000266a3420c10 code [0x00000266a3420da0, 0x00000266a3420e78]
Event: 3356.288 Thread 0x00000266aa8708e0 7769       1       java.lang.ProcessHandleImpl::getInternal (13 bytes)
Event: 3356.288 Thread 0x00000266aa8708e0 nmethod 7769 0x00000266a3420890 code [0x00000266a3420a20, 0x00000266a3420b88]
Event: 3356.460 Thread 0x00000266aa8708e0 7770   !   1       java.io.FilterOutputStream::close (183 bytes)
Event: 3356.491 Thread 0x00000266aa8708e0 nmethod 7770 0x00000266a341f710 code [0x00000266a341f920, 0x00000266a341fdf8]
Event: 3356.491 Thread 0x00000266aa8708e0 7772       1       java.lang.ProcessImpl$$Lambda$1129/0x00000001006c6ec8::run (8 bytes)
Event: 3356.491 Thread 0x00000266aa8708e0 nmethod 7772 0x00000266a341f410 code [0x00000266a341f5a0, 0x00000266a341f688]
Event: 3356.491 Thread 0x00000266aa8708e0 7773       1       java.lang.ProcessImpl::lambda$new$0 (6 bytes)
Event: 3356.491 Thread 0x00000266aa8708e0 nmethod 7773 0x00000266a341f110 code [0x00000266a341f2a0, 0x00000266a341f368]
Event: 4666.648 Thread 0x00000266aa8708e0 7775       1       java.lang.ProcessImpl$2::run (242 bytes)
Event: 4666.650 Thread 0x00000266aa8708e0 nmethod 7775 0x00000266a341d690 code [0x00000266a341d940, 0x00000266a341e6d8]
Event: 4666.650 Thread 0x00000266aa8708e0 7776       1       java.io.BufferedOutputStream::<init> (9 bytes)
Event: 4666.650 Thread 0x00000266aa8708e0 nmethod 7776 0x00000266a341d110 code [0x00000266a341d2a0, 0x00000266a341d578]
Event: 4666.650 Thread 0x00000266aa8708e0 7777       1       java.lang.ProcessImpl::waitFor (136 bytes)
Event: 4666.651 Thread 0x00000266aa8708e0 nmethod 7777 0x00000266a341c890 code [0x00000266a341caa0, 0x00000266a341ceb8]

GC Heap History (20 events):
Event: 7808.855 GC heap before
{Heap before GC invocations=713 (full 690):
 garbage-first heap   total 99328K, used 35850K [0x00000000c0000000, 0x0000000100000000)
  region size 1024K, 1 young (1024K), 0 survivors (0K)
 Metaspace       used 58863K, committed 59328K, reserved 1114112K
  class space    used 7322K, committed 7552K, reserved 1048576K
}
Event: 7808.905 GC heap after
{Heap after GC invocations=714 (full 691):
 garbage-first heap   total 99328K, used 35850K [0x00000000c0000000, 0x0000000100000000)
  region size 1024K, 0 young (0K), 0 survivors (0K)
 Metaspace       used 58863K, committed 59328K, reserved 1114112K
  class space    used 7322K, committed 7552K, reserved 1048576K
}
Event: 7819.085 GC heap before
{Heap before GC invocations=714 (full 691):
 garbage-first heap   total 99328K, used 35850K [0x00000000c0000000, 0x0000000100000000)
  region size 1024K, 1 young (1024K), 0 survivors (0K)
 Metaspace       used 58863K, committed 59328K, reserved 1114112K
  class space    used 7322K, committed 7552K, reserved 1048576K
}
Event: 7819.145 GC heap after
{Heap after GC invocations=715 (full 692):
 garbage-first heap   total 99328K, used 35850K [0x00000000c0000000, 0x0000000100000000)
  region size 1024K, 0 young (0K), 0 survivors (0K)
 Metaspace       used 58863K, committed 59328K, reserved 1114112K
  class space    used 7322K, committed 7552K, reserved 1048576K
}
Event: 7829.322 GC heap before
{Heap before GC invocations=715 (full 692):
 garbage-first heap   total 99328K, used 35850K [0x00000000c0000000, 0x0000000100000000)
  region size 1024K, 1 young (1024K), 0 survivors (0K)
 Metaspace       used 58863K, committed 59328K, reserved 1114112K
  class space    used 7322K, committed 7552K, reserved 1048576K
}
Event: 7829.377 GC heap after
{Heap after GC invocations=716 (full 693):
 garbage-first heap   total 99328K, used 35850K [0x00000000c0000000, 0x0000000100000000)
  region size 1024K, 0 young (0K), 0 survivors (0K)
 Metaspace       used 58863K, committed 59328K, reserved 1114112K
  class space    used 7322K, committed 7552K, reserved 1048576K
}
Event: 7839.614 GC heap before
{Heap before GC invocations=716 (full 693):
 garbage-first heap   total 99328K, used 35850K [0x00000000c0000000, 0x0000000100000000)
  region size 1024K, 1 young (1024K), 0 survivors (0K)
 Metaspace       used 58863K, committed 59328K, reserved 1114112K
  class space    used 7322K, committed 7552K, reserved 1048576K
}
Event: 7839.681 GC heap after
{Heap after GC invocations=717 (full 694):
 garbage-first heap   total 99328K, used 35850K [0x00000000c0000000, 0x0000000100000000)
  region size 1024K, 0 young (0K), 0 survivors (0K)
 Metaspace       used 58863K, committed 59328K, reserved 1114112K
  class space    used 7322K, committed 7552K, reserved 1048576K
}
Event: 7849.898 GC heap before
{Heap before GC invocations=717 (full 694):
 garbage-first heap   total 99328K, used 35850K [0x00000000c0000000, 0x0000000100000000)
  region size 1024K, 1 young (1024K), 0 survivors (0K)
 Metaspace       used 58863K, committed 59328K, reserved 1114112K
  class space    used 7322K, committed 7552K, reserved 1048576K
}
Event: 7849.967 GC heap after
{Heap after GC invocations=718 (full 695):
 garbage-first heap   total 99328K, used 35850K [0x00000000c0000000, 0x0000000100000000)
  region size 1024K, 0 young (0K), 0 survivors (0K)
 Metaspace       used 58863K, committed 59328K, reserved 1114112K
  class space    used 7322K, committed 7552K, reserved 1048576K
}
Event: 7860.177 GC heap before
{Heap before GC invocations=718 (full 695):
 garbage-first heap   total 99328K, used 35850K [0x00000000c0000000, 0x0000000100000000)
  region size 1024K, 1 young (1024K), 0 survivors (0K)
 Metaspace       used 58863K, committed 59328K, reserved 1114112K
  class space    used 7322K, committed 7552K, reserved 1048576K
}
Event: 7860.232 GC heap after
{Heap after GC invocations=719 (full 696):
 garbage-first heap   total 99328K, used 35850K [0x00000000c0000000, 0x0000000100000000)
  region size 1024K, 0 young (0K), 0 survivors (0K)
 Metaspace       used 58863K, committed 59328K, reserved 1114112K
  class space    used 7322K, committed 7552K, reserved 1048576K
}
Event: 7870.408 GC heap before
{Heap before GC invocations=719 (full 696):
 garbage-first heap   total 99328K, used 35850K [0x00000000c0000000, 0x0000000100000000)
  region size 1024K, 1 young (1024K), 0 survivors (0K)
 Metaspace       used 58863K, committed 59328K, reserved 1114112K
  class space    used 7322K, committed 7552K, reserved 1048576K
}
Event: 7870.457 GC heap after
{Heap after GC invocations=720 (full 697):
 garbage-first heap   total 99328K, used 35850K [0x00000000c0000000, 0x0000000100000000)
  region size 1024K, 0 young (0K), 0 survivors (0K)
 Metaspace       used 58863K, committed 59328K, reserved 1114112K
  class space    used 7322K, committed 7552K, reserved 1048576K
}
Event: 7880.647 GC heap before
{Heap before GC invocations=720 (full 697):
 garbage-first heap   total 99328K, used 35850K [0x00000000c0000000, 0x0000000100000000)
  region size 1024K, 1 young (1024K), 0 survivors (0K)
 Metaspace       used 58863K, committed 59328K, reserved 1114112K
  class space    used 7322K, committed 7552K, reserved 1048576K
}
Event: 7880.699 GC heap after
{Heap after GC invocations=721 (full 698):
 garbage-first heap   total 99328K, used 35850K [0x00000000c0000000, 0x0000000100000000)
  region size 1024K, 0 young (0K), 0 survivors (0K)
 Metaspace       used 58863K, committed 59328K, reserved 1114112K
  class space    used 7322K, committed 7552K, reserved 1048576K
}
Event: 7890.859 GC heap before
{Heap before GC invocations=721 (full 698):
 garbage-first heap   total 99328K, used 35850K [0x00000000c0000000, 0x0000000100000000)
  region size 1024K, 1 young (1024K), 0 survivors (0K)
 Metaspace       used 58863K, committed 59328K, reserved 1114112K
  class space    used 7322K, committed 7552K, reserved 1048576K
}
Event: 7890.916 GC heap after
{Heap after GC invocations=722 (full 699):
 garbage-first heap   total 99328K, used 35850K [0x00000000c0000000, 0x0000000100000000)
  region size 1024K, 0 young (0K), 0 survivors (0K)
 Metaspace       used 58863K, committed 59328K, reserved 1114112K
  class space    used 7322K, committed 7552K, reserved 1048576K
}
Event: 7901.155 GC heap before
{Heap before GC invocations=722 (full 699):
 garbage-first heap   total 99328K, used 35850K [0x00000000c0000000, 0x0000000100000000)
  region size 1024K, 1 young (1024K), 0 survivors (0K)
 Metaspace       used 58863K, committed 59328K, reserved 1114112K
  class space    used 7322K, committed 7552K, reserved 1048576K
}
Event: 7901.215 GC heap after
{Heap after GC invocations=723 (full 700):
 garbage-first heap   total 99328K, used 35850K [0x00000000c0000000, 0x0000000100000000)
  region size 1024K, 0 young (0K), 0 survivors (0K)
 Metaspace       used 58863K, committed 59328K, reserved 1114112K
  class space    used 7322K, committed 7552K, reserved 1048576K
}

Dll operation events (10 events):
Event: 0.085 Loaded shared library c:\Users\Lagea Backoffice\.vscode\extensions\redhat.java-1.28.1-win32-x64\jre\17.0.10-win32-x86_64\bin\java.dll
Event: 1.955 Loaded shared library C:\Users\Lagea Backoffice\.vscode\extensions\redhat.java-1.28.1-win32-x64\jre\17.0.10-win32-x86_64\bin\net.dll
Event: 1.960 Loaded shared library C:\Users\Lagea Backoffice\.vscode\extensions\redhat.java-1.28.1-win32-x64\jre\17.0.10-win32-x86_64\bin\nio.dll
Event: 3.857 Loaded shared library C:\Users\Lagea Backoffice\.vscode\extensions\redhat.java-1.28.1-win32-x64\jre\17.0.10-win32-x86_64\bin\zip.dll
Event: 44.354 Loaded shared library C:\Users\Lagea Backoffice\.vscode\extensions\redhat.java-1.28.1-win32-x64\jre\17.0.10-win32-x86_64\bin\jimage.dll
Event: 47.887 Loaded shared library c:\Users\Lagea Backoffice\.vscode\extensions\redhat.java-1.28.1-win32-x64\jre\17.0.10-win32-x86_64\bin\verify.dll
Event: 54.649 Loaded shared library C:\Users\Lagea Backoffice\.vscode\extensions\redhat.java-1.28.1-win32-x64\jre\17.0.10-win32-x86_64\bin\management.dll
Event: 54.658 Loaded shared library C:\Users\Lagea Backoffice\.vscode\extensions\redhat.java-1.28.1-win32-x64\jre\17.0.10-win32-x86_64\bin\management_ext.dll
Event: 56.837 Loaded shared library C:\Users\Lagea Backoffice\.vscode\extensions\redhat.java-1.28.1-win32-x64\jre\17.0.10-win32-x86_64\bin\sunmscapi.dll
Event: 57.558 Loaded shared library C:\Users\Lagea Backoffice\.vscode\extensions\redhat.java-1.28.1-win32-x64\jre\17.0.10-win32-x86_64\bin\extnet.dll

Deoptimization events (18 events):
Event: 55.394 Thread 0x00000266affb0060 DEOPT PACKING pc=0x00000266a2c6fb81 sp=0x000000b9a09fde20
Event: 55.394 Thread 0x00000266affb0060 DEOPT UNPACKING pc=0x00000266a26face3 sp=0x000000b9a09fd2b0 mode 3
Event: 55.442 Thread 0x00000266b03bad40 DEOPT PACKING pc=0x00000266a2c4cd17 sp=0x000000b9a0aff250
Event: 55.442 Thread 0x00000266b03bad40 DEOPT UNPACKING pc=0x00000266a26face3 sp=0x000000b9a0afe6a8 mode 3
Event: 57.071 Thread 0x00000266b0455c70 DEOPT PACKING pc=0x00000266a289a70c sp=0x000000b9a1efad50
Event: 57.071 Thread 0x00000266b0455c70 DEOPT UNPACKING pc=0x00000266a26face3 sp=0x000000b9a1efa218 mode 0
Event: 59.342 Thread 0x00000266b03e8570 DEOPT PACKING pc=0x00000266a2e179a4 sp=0x000000b9a17feda0
Event: 59.342 Thread 0x00000266b03e8570 DEOPT UNPACKING pc=0x00000266a26face3 sp=0x000000b9a17fe288 mode 0
Event: 59.342 Thread 0x00000266b03e8060 DEOPT PACKING pc=0x00000266a2e179a4 sp=0x000000b9a14ff180
Event: 59.342 Thread 0x00000266b03e8060 DEOPT UNPACKING pc=0x00000266a26face3 sp=0x000000b9a14fe668 mode 0
Event: 79.187 Thread 0x00000266b03eb810 DEOPT PACKING pc=0x00000266a2f3378c sp=0x000000b9a11fdf50
Event: 79.188 Thread 0x00000266b03eb810 DEOPT UNPACKING pc=0x00000266a26face3 sp=0x000000b9a11fd4d0 mode 0
Event: 79.188 Thread 0x00000266b03eb810 DEOPT PACKING pc=0x00000266a2f3378c sp=0x000000b9a11fe1b0
Event: 79.188 Thread 0x00000266b03eb810 DEOPT UNPACKING pc=0x00000266a26face3 sp=0x000000b9a11fd730 mode 0
Event: 79.193 Thread 0x00000266b03eb810 DEOPT PACKING pc=0x00000266a2f3378c sp=0x000000b9a11fe630
Event: 79.193 Thread 0x00000266b03eb810 DEOPT UNPACKING pc=0x00000266a26face3 sp=0x000000b9a11fdbb0 mode 0
Event: 244.053 Thread 0x00000266affb0060 DEOPT PACKING pc=0x00000266a2d459d4 sp=0x000000b9a09ff0f0
Event: 244.053 Thread 0x00000266affb0060 DEOPT UNPACKING pc=0x00000266a26face3 sp=0x000000b9a09fe578 mode 0

Classes unloaded (20 events):
Event: 720.606 Thread 0x00000266aa82b820 Unloading class 0x0000000100096000 'java/lang/invoke/LambdaForm$MH+0x0000000100096000'
Event: 720.606 Thread 0x00000266aa82b820 Unloading class 0x0000000100251000 'java/lang/invoke/LambdaForm$MH+0x0000000100251000'
Event: 720.606 Thread 0x00000266aa82b820 Unloading class 0x0000000100265c00 'java/lang/invoke/LambdaForm$MH+0x0000000100265c00'
Event: 720.606 Thread 0x00000266aa82b820 Unloading class 0x0000000100268800 'java/lang/invoke/LambdaForm$MH+0x0000000100268800'
Event: 720.606 Thread 0x00000266aa82b820 Unloading class 0x000000010031c400 'jdk/internal/reflect/GeneratedMethodAccessor22'
Event: 720.606 Thread 0x00000266aa82b820 Unloading class 0x00000001003a0000 'jdk/internal/reflect/GeneratedConstructorAccessor50'
Event: 720.606 Thread 0x00000266aa82b820 Unloading class 0x00000001003a1400 'jdk/internal/reflect/GeneratedMethodAccessor21'
Event: 720.606 Thread 0x00000266aa82b820 Unloading class 0x00000001003a2000 'jdk/internal/reflect/GeneratedConstructorAccessor49'
Event: 720.606 Thread 0x00000266aa82b820 Unloading class 0x00000001003a3400 'jdk/internal/reflect/GeneratedMethodAccessor20'
Event: 720.606 Thread 0x00000266aa82b820 Unloading class 0x00000001003a4400 'jdk/internal/reflect/GeneratedMethodAccessor19'
Event: 720.606 Thread 0x00000266aa82b820 Unloading class 0x00000001003a4c00 'jdk/internal/reflect/GeneratedMethodAccessor18'
Event: 720.606 Thread 0x00000266aa82b820 Unloading class 0x00000001005c8800 'java/lang/invoke/LambdaForm$MH+0x00000001005c8800'
Event: 720.606 Thread 0x00000266aa82b820 Unloading class 0x0000000100561800 'java/lang/invoke/LambdaForm$MH+0x0000000100561800'
Event: 1646.950 Thread 0x00000266aa82b820 Unloading class 0x00000001003a0000 'jdk/internal/reflect/GeneratedMethodAccessor27'
Event: 1646.950 Thread 0x00000266aa82b820 Unloading class 0x000000010031c400 'jdk/internal/reflect/GeneratedConstructorAccessor54'
Event: 1646.950 Thread 0x00000266aa82b820 Unloading class 0x0000000100268800 'jdk/internal/reflect/GeneratedMethodAccessor26'
Event: 1646.950 Thread 0x00000266aa82b820 Unloading class 0x0000000100265c00 'jdk/internal/reflect/GeneratedConstructorAccessor53'
Event: 1646.950 Thread 0x00000266aa82b820 Unloading class 0x0000000100251000 'jdk/internal/reflect/GeneratedMethodAccessor25'
Event: 1646.950 Thread 0x00000266aa82b820 Unloading class 0x0000000100096000 'jdk/internal/reflect/GeneratedMethodAccessor24'
Event: 1646.950 Thread 0x00000266aa82b820 Unloading class 0x0000000100094400 'jdk/internal/reflect/GeneratedMethodAccessor23'

Classes redefined (0 events):
No events

Internal exceptions (20 events):
Event: 56.205 Thread 0x00000266b03eb810 Exception <a 'sun/nio/fs/WindowsException'{0x00000000c3e2cbe0}> (0x00000000c3e2cbe0) 
thrown [s\src\hotspot\share\prims\jni.cpp, line 516]
Event: 56.206 Thread 0x00000266b03eb810 Exception <a 'sun/nio/fs/WindowsException'{0x00000000c3e2d7f8}> (0x00000000c3e2d7f8) 
thrown [s\src\hotspot\share\prims\jni.cpp, line 516]
Event: 56.217 Thread 0x00000266b03eb810 Exception <a 'sun/nio/fs/WindowsException'{0x00000000c3eb2d10}> (0x00000000c3eb2d10) 
thrown [s\src\hotspot\share\prims\jni.cpp, line 516]
Event: 56.445 Thread 0x00000266b04584f0 Exception <a 'java/lang/NoSuchMethodError'{0x00000000c3ae5758}: 'java.lang.Object java.lang.invoke.DirectMethodHandle$Holder.newInvokeSpecial(java.lang.Object, java.lang.Object, java.lang.Object, java.lang.Object, java.lang.Object, long)'> (0x00000000c3ae5758) 
thrown [s\src\hotspot\share\interpreter\linkResolver.cpp, line 759]
Event: 56.446 Thread 0x00000266b04584f0 Exception <a 'java/lang/NoSuchMethodError'{0x00000000c3ae9dc8}: 'java.lang.Object java.lang.invoke.DirectMethodHandle$Holder.invokeSpecial(java.lang.Object, java.lang.Object, java.lang.Object, java.lang.Object, java.lang.Object, java.lang.Object, long)'> (0x00000000c3ae9dc8) 
thrown [s\src\hotspot\share\interpreter\linkResolver.cpp, line 759]
Event: 56.477 Thread 0x00000266b0455c70 Exception <a 'java/lang/NoSuchMethodError'{0x00000000c386d368}: 'void java.lang.invoke.DirectMethodHandle$Holder.invokeVirtual(java.lang.Object, java.lang.Object, java.lang.Object, java.lang.Object)'> (0x00000000c386d368) 
thrown [s\src\hotspot\share\interpreter\linkResolver.cpp, line 759]
Event: 56.676 Thread 0x00000266b0451aa0 Exception <a 'java/lang/NoSuchMethodError'{0x00000000c2e44b18}: 'java.lang.Object java.lang.invoke.Invokers$Holder.invoke_MT(java.lang.Object, java.lang.Object, java.lang.Object)'> (0x00000000c2e44b18) 
thrown [s\src\hotspot\share\interpreter\linkResolver.cpp, line 759]
Event: 56.684 Thread 0x00000266b0455c70 Exception <a 'java/lang/NoSuchMethodError'{0x00000000c2e8c308}: 'java.lang.Object java.lang.invoke.DirectMethodHandle$Holder.invokeStatic(java.lang.Object, java.lang.Object, int, java.lang.Object)'> (0x00000000c2e8c308) 
thrown [s\src\hotspot\share\interpreter\linkResolver.cpp, line 759]
Event: 56.685 Thread 0x00000266b0455c70 Exception <a 'java/lang/NoSuchMethodError'{0x00000000c2e926e8}: 'java.lang.Object java.lang.invoke.DirectMethodHandle$Holder.newInvokeSpecial(java.lang.Object, java.lang.Object, int)'> (0x00000000c2e926e8) 
thrown [s\src\hotspot\share\interpreter\linkResolver.cpp, line 759]
Event: 57.062 Thread 0x00000266b0455c70 Exception <a 'sun/nio/fs/WindowsException'{0x00000000c4e41558}> (0x00000000c4e41558) 
thrown [s\src\hotspot\share\prims\jni.cpp, line 516]
Event: 57.932 Thread 0x00000266b0451aa0 Exception <a 'java/lang/IncompatibleClassChangeError'{0x00000000c5e69028}: Found class java.lang.Object, but interface was expected> (0x00000000c5e69028) 
thrown [s\src\hotspot\share\interpreter\linkResolver.cpp, line 826]
Event: 58.079 Thread 0x00000266b0451aa0 Exception <a 'java/lang/NoSuchMethodError'{0x00000000c51d8b80}: 'int java.lang.invoke.DirectMethodHandle$Holder.invokeSpecialIFC(java.lang.Object, java.lang.Object, java.lang.Object)'> (0x00000000c51d8b80) 
thrown [s\src\hotspot\share\interpreter\linkResolver.cpp, line 759]
Event: 58.724 Thread 0x00000266b0451aa0 Exception <a 'java/lang/NoSuchMethodError'{0x00000000c48d5ff8}: 'int java.lang.invoke.DirectMethodHandle$Holder.invokeStatic(java.lang.Object, int, java.lang.Object)'> (0x00000000c48d5ff8) 
thrown [s\src\hotspot\share\interpreter\linkResolver.cpp, line 759]
Event: 134.632 Thread 0x00000266b0316070 Exception <a 'java/lang/NoSuchMethodError'{0x00000000c89fb2f8}: 'void java.lang.invoke.DirectMethodHandle$Holder.invokeStatic(java.lang.Object, long)'> (0x00000000c89fb2f8) 
thrown [s\src\hotspot\share\interpreter\linkResolver.cpp, line 759]
Event: 134.633 Thread 0x00000266b0316070 Exception <a 'java/lang/NoSuchMethodError'{0x00000000c587afa8}: 'java.lang.Object java.lang.invoke.DirectMethodHandle$Holder.newInvokeSpecial(java.lang.Object, long)'> (0x00000000c587afa8) 
thrown [s\src\hotspot\share\interpreter\linkResolver.cpp, line 759]
Event: 358.919 Thread 0x00000266b0456180 Exception <a 'java/io/IOException'{0x00000000c896f618}> (0x00000000c896f618) 
thrown [s\src\hotspot\share\prims\jni.cpp, line 516]
Event: 359.577 Thread 0x00000266b0453900 Exception <a 'java/io/IOException'{0x00000000c8982e30}> (0x00000000c8982e30) 
thrown [s\src\hotspot\share\prims\jni.cpp, line 516]
Event: 360.469 Thread 0x00000266b0454d40 Exception <a 'java/io/IOException'{0x00000000c8988228}> (0x00000000c8988228) 
thrown [s\src\hotspot\share\prims\jni.cpp, line 516]
Event: 528.247 Thread 0x00000266b0451080 Exception <a 'java/lang/NoSuchMethodError'{0x00000000c54af680}: 'java.lang.Object java.lang.invoke.DirectMethodHandle$Holder.newInvokeSpecial(java.lang.Object, java.lang.Object, int, java.lang.Object)'> (0x00000000c54af680) 
thrown [s\src\hotspot\share\interpreter\linkResolver.cpp, line 759]
Event: 528.248 Thread 0x00000266b0451080 Exception <a 'java/lang/NoSuchMethodError'{0x00000000c54b2fa0}: 'java.lang.Object java.lang.invoke.Invokers$Holder.linkToTargetMethod(java.lang.Object, int, java.lang.Object, java.lang.Object)'> (0x00000000c54b2fa0) 
thrown [s\src\hotspot\share\interpreter\linkResolver.cpp, line 759]

VM Operations (20 events):
Event: 7808.905 Executing VM operation: G1CollectFull done
Event: 7819.085 Executing VM operation: G1CollectFull
Event: 7819.146 Executing VM operation: G1CollectFull done
Event: 7829.321 Executing VM operation: G1CollectFull
Event: 7829.377 Executing VM operation: G1CollectFull done
Event: 7839.614 Executing VM operation: G1CollectFull
Event: 7839.681 Executing VM operation: G1CollectFull done
Event: 7849.898 Executing VM operation: G1CollectFull
Event: 7849.967 Executing VM operation: G1CollectFull done
Event: 7860.177 Executing VM operation: G1CollectFull
Event: 7860.232 Executing VM operation: G1CollectFull done
Event: 7870.407 Executing VM operation: G1CollectFull
Event: 7870.457 Executing VM operation: G1CollectFull done
Event: 7880.646 Executing VM operation: G1CollectFull
Event: 7880.700 Executing VM operation: G1CollectFull done
Event: 7890.859 Executing VM operation: G1CollectFull
Event: 7890.916 Executing VM operation: G1CollectFull done
Event: 7901.155 Executing VM operation: G1CollectFull
Event: 7901.215 Executing VM operation: G1CollectFull done
Event: 7911.298 Executing VM operation: G1CollectFull

Events (20 events):
Event: 1406.688 Thread 0x00000266b0454d40 Thread added: 0x00000266b0454d40
Event: 1406.690 Thread 0x00000266b0451080 Thread added: 0x00000266b0451080
Event: 1406.711 Thread 0x00000266af6674b0 Thread added: 0x00000266af6674b0
Event: 1408.195 Thread 0x00000266b0451590 Thread added: 0x00000266b0451590
Event: 1408.196 Thread 0x00000266af6674b0 Thread exited: 0x00000266af6674b0
Event: 1409.224 Thread 0x00000266b04524c0 Thread added: 0x00000266b04524c0
Event: 1429.549 Thread 0x00000266b04529d0 Thread added: 0x00000266b04529d0
Event: 1490.570 Thread 0x00000266b04524c0 Thread exited: 0x00000266b04524c0
Event: 1518.027 Thread 0x00000266b04529d0 Thread exited: 0x00000266b04529d0
Event: 1540.749 Thread 0x00000266b0454830 Thread added: 0x00000266b0454830
Event: 1551.791 Thread 0x00000266b04529d0 Thread added: 0x00000266b04529d0
Event: 1600.759 Thread 0x00000266b0454d40 Thread exited: 0x00000266b0454d40
Event: 1627.871 Thread 0x00000266b0451590 Thread exited: 0x00000266b0451590
Event: 1629.976 Thread 0x00000266b04529d0 Thread exited: 0x00000266b04529d0
Event: 1639.324 Thread 0x00000266b0451080 Thread exited: 0x00000266b0451080
Event: 1639.325 Thread 0x00000266b0454830 Thread exited: 0x00000266b0454830
Event: 2677.707 Thread 0x00000266b0455250 Thread added: 0x00000266b0455250
Event: 2677.709 Thread 0x00000266b04533f0 Thread added: 0x00000266b04533f0
Event: 2737.738 Thread 0x00000266b0455250 Thread exited: 0x00000266b0455250
Event: 2737.744 Thread 0x00000266b04533f0 Thread exited: 0x00000266b04533f0


Dynamic libraries:
0x00007ff6ad390000 - 0x00007ff6ad39e000 	c:\Users\Lagea Backoffice\.vscode\extensions\redhat.java-1.28.1-win32-x64\jre\17.0.10-win32-x86_64\bin\java.exe
0x00007fffe32f0000 - 0x00007fffe34e8000 	C:\Windows\SYSTEM32\ntdll.dll
0x00007fffe13f0000 - 0x00007fffe14ad000 	C:\Windows\System32\KERNEL32.DLL
0x00007fffe0da0000 - 0x00007fffe1096000 	C:\Windows\System32\KERNELBASE.dll
0x00007fffe0b80000 - 0x00007fffe0c80000 	C:\Windows\System32\ucrtbase.dll
0x00007fffc59f0000 - 0x00007fffc5a07000 	c:\Users\Lagea Backoffice\.vscode\extensions\redhat.java-1.28.1-win32-x64\jre\17.0.10-win32-x86_64\bin\jli.dll
0x00007fffc59d0000 - 0x00007fffc59eb000 	c:\Users\Lagea Backoffice\.vscode\extensions\redhat.java-1.28.1-win32-x64\jre\17.0.10-win32-x86_64\bin\VCRUNTIME140.dll
0x00007fffe1670000 - 0x00007fffe180e000 	C:\Windows\System32\USER32.dll
0x00007fffc78a0000 - 0x00007fffc7b3a000 	C:\Windows\WinSxS\amd64_microsoft.windows.common-controls_6595b64144ccf1df_6.0.19041.3636_none_60b6a03d71f818d5\COMCTL32.dll
0x00007fffe1c60000 - 0x00007fffe1cfe000 	C:\Windows\System32\msvcrt.dll
0x00007fffe1640000 - 0x00007fffe166b000 	C:\Windows\System32\GDI32.dll
0x00007fffe0a70000 - 0x00007fffe0a92000 	C:\Windows\System32\win32u.dll
0x00007fffe1200000 - 0x00007fffe1317000 	C:\Windows\System32\gdi32full.dll
0x00007fffe09a0000 - 0x00007fffe0a3d000 	C:\Windows\System32\msvcp_win.dll
0x00007fffe2cd0000 - 0x00007fffe2d02000 	C:\Windows\System32\IMM32.DLL
0x00007fffdc030000 - 0x00007fffdc03c000 	c:\Users\Lagea Backoffice\.vscode\extensions\redhat.java-1.28.1-win32-x64\jre\17.0.10-win32-x86_64\bin\vcruntime140_1.dll
0x00007fffc5940000 - 0x00007fffc59cd000 	c:\Users\Lagea Backoffice\.vscode\extensions\redhat.java-1.28.1-win32-x64\jre\17.0.10-win32-x86_64\bin\msvcp140.dll
0x00007fff961f0000 - 0x00007fff96e52000 	c:\Users\Lagea Backoffice\.vscode\extensions\redhat.java-1.28.1-win32-x64\jre\17.0.10-win32-x86_64\bin\server\jvm.dll
0x00007fffe14b0000 - 0x00007fffe1560000 	C:\Windows\System32\ADVAPI32.dll
0x00007fffe31f0000 - 0x00007fffe3290000 	C:\Windows\System32\sechost.dll
0x00007fffe2030000 - 0x00007fffe2155000 	C:\Windows\System32\RPCRT4.dll
0x00007fffe0a40000 - 0x00007fffe0a67000 	C:\Windows\System32\bcrypt.dll
0x00007fffe0420000 - 0x00007fffe046b000 	C:\Windows\SYSTEM32\POWRPROF.dll
0x00007fffd6820000 - 0x00007fffd6829000 	C:\Windows\SYSTEM32\WSOCK32.dll
0x00007fffe2d10000 - 0x00007fffe2d7b000 	C:\Windows\System32\WS2_32.dll
0x00007fffc2090000 - 0x00007fffc20b7000 	C:\Windows\SYSTEM32\WINMM.dll
0x00007fffd1d70000 - 0x00007fffd1d7a000 	C:\Windows\SYSTEM32\VERSION.dll
0x00007fffe0400000 - 0x00007fffe0412000 	C:\Windows\SYSTEM32\UMPDC.dll
0x00007fffdf4a0000 - 0x00007fffdf4b2000 	C:\Windows\SYSTEM32\kernel.appcore.dll
0x00007fffd67a0000 - 0x00007fffd67aa000 	c:\Users\Lagea Backoffice\.vscode\extensions\redhat.java-1.28.1-win32-x64\jre\17.0.10-win32-x86_64\bin\jimage.dll
0x00007fffde720000 - 0x00007fffde904000 	C:\Windows\SYSTEM32\DBGHELP.DLL
0x00007fffd56c0000 - 0x00007fffd56f4000 	C:\Windows\SYSTEM32\dbgcore.DLL
0x00007fffe0aa0000 - 0x00007fffe0b22000 	C:\Windows\System32\bcryptPrimitives.dll
0x00007fffc50f0000 - 0x00007fffc5115000 	c:\Users\Lagea Backoffice\.vscode\extensions\redhat.java-1.28.1-win32-x64\jre\17.0.10-win32-x86_64\bin\java.dll
0x00007fffc50d0000 - 0x00007fffc50e8000 	c:\Users\Lagea Backoffice\.vscode\extensions\redhat.java-1.28.1-win32-x64\jre\17.0.10-win32-x86_64\bin\zip.dll
0x00007fffe2160000 - 0x00007fffe28cb000 	C:\Windows\System32\SHELL32.dll
0x00007fffde910000 - 0x00007fffdf0ae000 	C:\Windows\SYSTEM32\windows.storage.dll
0x00007fffe2970000 - 0x00007fffe2cc3000 	C:\Windows\System32\combase.dll
0x00007fffe0340000 - 0x00007fffe036e000 	C:\Windows\SYSTEM32\Wldp.dll
0x00007fffe1320000 - 0x00007fffe13ed000 	C:\Windows\System32\OLEAUT32.dll
0x00007fffe19a0000 - 0x00007fffe1a4d000 	C:\Windows\System32\SHCORE.dll
0x00007fffe1a50000 - 0x00007fffe1aa5000 	C:\Windows\System32\shlwapi.dll
0x00007fffe08d0000 - 0x00007fffe08f5000 	C:\Windows\SYSTEM32\profapi.dll
0x00007fffc5000000 - 0x00007fffc5019000 	C:\Users\Lagea Backoffice\.vscode\extensions\redhat.java-1.28.1-win32-x64\jre\17.0.10-win32-x86_64\bin\net.dll
0x00007fffd9380000 - 0x00007fffd948a000 	C:\Windows\SYSTEM32\WINHTTP.dll
0x00007fffe0000000 - 0x00007fffe006a000 	C:\Windows\system32\mswsock.dll
0x00007fffc4d90000 - 0x00007fffc4da6000 	C:\Users\Lagea Backoffice\.vscode\extensions\redhat.java-1.28.1-win32-x64\jre\17.0.10-win32-x86_64\bin\nio.dll
0x00007fffd3e60000 - 0x00007fffd3e70000 	c:\Users\Lagea Backoffice\.vscode\extensions\redhat.java-1.28.1-win32-x64\jre\17.0.10-win32-x86_64\bin\verify.dll
0x00007fffe0290000 - 0x00007fffe02a8000 	C:\Windows\SYSTEM32\CRYPTSP.dll
0x00007fffdf950000 - 0x00007fffdf984000 	C:\Windows\system32\rsaenh.dll
0x00007fffe0850000 - 0x00007fffe087e000 	C:\Windows\SYSTEM32\USERENV.dll
0x00007fffe0190000 - 0x00007fffe019c000 	C:\Windows\SYSTEM32\CRYPTBASE.dll
0x00007fffdfd10000 - 0x00007fffdfd4b000 	C:\Windows\SYSTEM32\IPHLPAPI.DLL
0x00007fffe1ab0000 - 0x00007fffe1ab8000 	C:\Windows\System32\NSI.dll
0x00007fffd64c0000 - 0x00007fffd64d7000 	C:\Windows\SYSTEM32\dhcpcsvc6.DLL
0x00007fffd7b00000 - 0x00007fffd7b1d000 	C:\Windows\SYSTEM32\dhcpcsvc.DLL
0x00007fffdfd50000 - 0x00007fffdfe1b000 	C:\Windows\SYSTEM32\DNSAPI.dll
0x00007fffd98e0000 - 0x00007fffd98e9000 	C:\Users\Lagea Backoffice\.vscode\extensions\redhat.java-1.28.1-win32-x64\jre\17.0.10-win32-x86_64\bin\management.dll
0x00007fffd67b0000 - 0x00007fffd67bb000 	C:\Users\Lagea Backoffice\.vscode\extensions\redhat.java-1.28.1-win32-x64\jre\17.0.10-win32-x86_64\bin\management_ext.dll
0x00007fffe2960000 - 0x00007fffe2968000 	C:\Windows\System32\PSAPI.DLL
0x00007fffdd270000 - 0x00007fffdd27e000 	C:\Users\Lagea Backoffice\.vscode\extensions\redhat.java-1.28.1-win32-x64\jre\17.0.10-win32-x86_64\bin\sunmscapi.dll
0x00007fffe10a0000 - 0x00007fffe11fd000 	C:\Windows\System32\CRYPT32.dll
0x00007fffe03d0000 - 0x00007fffe03f8000 	C:\Windows\SYSTEM32\ncrypt.dll
0x00007fffe0390000 - 0x00007fffe03cb000 	C:\Windows\SYSTEM32\NTASN1.dll
0x00007fffd40d0000 - 0x00007fffd40da000 	C:\Windows\System32\rasadhlp.dll
0x00007fffd3c60000 - 0x00007fffd3ce0000 	C:\Windows\System32\fwpuclnt.dll
0x00007fffd3df0000 - 0x00007fffd3df9000 	C:\Users\Lagea Backoffice\.vscode\extensions\redhat.java-1.28.1-win32-x64\jre\17.0.10-win32-x86_64\bin\extnet.dll

dbghelp: loaded successfully - version: 4.0.5 - missing functions: none
symbol engine: initialized successfully - sym options: 0x614 - pdb path: .;c:\Users\Lagea Backoffice\.vscode\extensions\redhat.java-1.28.1-win32-x64\jre\17.0.10-win32-x86_64\bin;C:\Windows\SYSTEM32;C:\Windows\WinSxS\amd64_microsoft.windows.common-controls_6595b64144ccf1df_6.0.19041.3636_none_60b6a03d71f818d5;c:\Users\Lagea Backoffice\.vscode\extensions\redhat.java-1.28.1-win32-x64\jre\17.0.10-win32-x86_64\bin\server

VM Arguments:
jvm_args: -XX:+HeapDumpOnOutOfMemoryError -Xmx1024m -Dsts.lsp.client=vscode -Dsts.log.file=/dev/null -XX:TieredStopAtLevel=1 -Xlog:jni+resolve=off -Dspring.config.location=file:c:\Users\Lagea Backoffice\.vscode\extensions\vmware.vscode-spring-boot-1.53.0\language-server\BOOT-INF\classes\application.properties 
java_command: org.springframework.ide.vscode.boot.app.BootLanguageServerBootApp
java_class_path (initial): c:\Users\Lagea Backoffice\.vscode\extensions\vmware.vscode-spring-boot-1.53.0\language-server\BOOT-INF\classes;c:\Users\Lagea Backoffice\.vscode\extensions\vmware.vscode-spring-boot-1.53.0\language-server\BOOT-INF\lib\annotations-24.1.0.jar;c:\Users\Lagea Backoffice\.vscode\extensions\vmware.vscode-spring-boot-1.53.0\language-server\BOOT-INF\lib\antlr4-runtime-4.11.1.jar;c:\Users\Lagea Backoffice\.vscode\extensions\vmware.vscode-spring-boot-1.53.0\language-server\BOOT-INF\lib\asm-9.6.jar;c:\Users\Lagea Backoffice\.vscode\extensions\vmware.vscode-spring-boot-1.53.0\language-server\BOOT-INF\lib\asm-analysis-9.6.jar;c:\Users\Lagea Backoffice\.vscode\extensions\vmware.vscode-spring-boot-1.53.0\language-server\BOOT-INF\lib\asm-tree-9.6.jar;c:\Users\Lagea Backoffice\.vscode\extensions\vmware.vscode-spring-boot-1.53.0\language-server\BOOT-INF\lib\asm-util-9.6.jar;c:\Users\Lagea Backoffice\.vscode\extensions\vmware.vscode-spring-boot-1.53.0\language-server\BOOT-INF\lib\caffeine-3.1.8.jar;c:\Users\Lagea Backoffice\.vscode\extensions\vmware.vscode-spring-boot-1.53.0\language-server\BOOT-INF\lib\checker-qual-3.12.0.jar;c:\Users\Lagea Backoffice\.vscode\extensions\vmware.vscode-spring-boot-1.53.0\language-server\BOOT-INF\lib\classgraph-4.8.149.jar;c:\Users\Lagea Backoffice\.vscode\extensions\vmware.vscode-spring-boot-1.53.0\language-server\BOOT-INF\lib\commons-codec-1.16.1.jar;c:\Users\Lagea Backoffice\.vscode\extensions\vmware.vscode-spring-boot-1.53.0\language-server\BOOT-INF\lib\commons-compress-1.26.0.jar;c:\Users\Lagea Backoffice\.vscode\extensions\vmware.vscode-spring-boot-1.53.0\language-server\BOOT-INF\lib\commons-io-2.4.jar;c:\Users\Lagea Backoffice\.vscode\extensions\vmware.vscode-spring-boot-1.53.0\language-server\BOOT-INF\lib\commons-java-1.53.0-SNAPSHOT.jar;c:\Users\Lagea Backoffice\.vscode\extensions\vmware.vscode-spring-boot-1.53.0\language-server\BOOT-INF\lib\commons-lang3-3.13.0.jar;c:\Users\Lagea Backoffice\.vscode\extensions\vmwar
Launcher Type: SUN_STANDARD

[Global flags]
     intx CICompilerCount                          = 4                                         {product} {ergonomic}
     uint ConcGCThreads                            = 2                                         {product} {ergonomic}
     uint G1ConcRefinementThreads                  = 8                                         {product} {ergonomic}
   size_t G1HeapRegionSize                         = 1048576                                   {product} {ergonomic}
    uintx GCDrainStackTargetSize                   = 64                                        {product} {ergonomic}
     bool HeapDumpOnOutOfMemoryError               = true                                   {manageable} {command line}
   size_t InitialHeapSize                          = 130023424                                 {product} {ergonomic}
   size_t MarkStackSize                            = 4194304                                   {product} {ergonomic}
   size_t MaxHeapSize                              = 1073741824                                {product} {command line}
   size_t MaxNewSize                               = 643825664                                 {product} {ergonomic}
   size_t MinHeapDeltaBytes                        = 1048576                                   {product} {ergonomic}
   size_t MinHeapSize                              = 8388608                                   {product} {ergonomic}
    uintx NonProfiledCodeHeapSize                  = 0                                      {pd product} {ergonomic}
     bool ProfileInterpreter                       = false                                  {pd product} {command line}
    uintx ProfiledCodeHeapSize                     = 0                                      {pd product} {ergonomic}
   size_t SoftMaxHeapSize                          = 1073741824                             {manageable} {ergonomic}
     intx TieredStopAtLevel                        = 1                                         {product} {command line}
     bool UseCompressedClassPointers               = true                           {product lp64_product} {ergonomic}
     bool UseCompressedOops                        = true                           {product lp64_product} {ergonomic}
     bool UseG1GC                                  = true                                      {product} {ergonomic}
     bool UseLargePagesIndividualAllocation        = false                                  {pd product} {ergonomic}

Logging:
Log output configuration:
 #0: stdout all=warning,jni+resolve=off uptime,level,tags
 #1: stderr all=off uptime,level,tags

Environment Variables:
PATH=C:\Program Files\Common Files\Oracle\Java\javapath;C:\Windows\system32;C:\Windows;C:\Windows\System32\Wbem;C:\Windows\System32\WindowsPowerShell\v1.0\;C:\Windows\System32\OpenSSH\;C:\Program Files\Git\cmd;C:\Program Files\nodejs\;C:\Program Files\dotnet\;C:\Users\Lagea Backoffice\AppData\Local\Programs\Python\Python312\Scripts\;C:\Users\Lagea Backoffice\AppData\Local\Programs\Python\Python312\;C:\Users\Lagea Backoffice\AppData\Local\Microsoft\WindowsApps;C:\Users\Lagea Backoffice\AppData\Local\Programs\Microsoft VS Code\bin;C:\Program Files\Azure Data Studio\bin;C:\Users\Lagea Backoffice\AppData\Roaming\npm;C:\apache-maven-3.9.6\bin;
USERNAME=Backoffice
OS=Windows_NT
PROCESSOR_IDENTIFIER=Intel64 Family 6 Model 140 Stepping 1, GenuineIntel
TMP=C:\Users\LAGEAB~1\AppData\Local\Temp
TEMP=C:\Users\LAGEAB~1\AppData\Local\Temp



Periodic native trim disabled


---------------  S Y S T E M  ---------------

OS:
 Windows 10 , 64 bit Build 19041 (10.0.19041.3636)
OS uptime: 0 days 23:14 hours
Hyper-V role detected

CPU: total 8 (initial active 8) (4 cores per cpu, 2 threads per core) family 6 model 140 stepping 1 microcode 0x8a, cx8, cmov, fxsr, ht, mmx, 3dnowpref, sse, sse2, sse3, ssse3, sse4.1, sse4.2, popcnt, lzcnt, tsc, tscinvbit, avx, avx2, aes, erms, clmul, bmi1, bmi2, adx, avx512f, avx512dq, avx512cd, avx512bw, avx512vl, sha, fma, vzeroupper, avx512_vpopcntdq, avx512_vpclmulqdq, avx512_vaes, avx512_vnni, clflush, clflushopt, clwb, avx512_vbmi2, avx512_vbmi, hv
Processor Information for all 8 processors :
  Max Mhz: 2419, Current Mhz: 2419, Mhz Limit: 2419

Memory: 4k page, system-wide physical 7915M (435M free)
TotalPageFile size 25105M (AvailPageFile size 10M)
current process WorkingSet (physical memory assigned to process): 66M, peak: 231M
current process commit charge ("private bytes"): 266M, peak: 282M

vm_info: OpenJDK 64-Bit Server VM (17.0.10+7) for windows-amd64 JRE (17.0.10+7), built on Jan 16 2024 23:25:11 by "admin" with MS VC++ 16.10 / 16.11 (VS2019)

END.
