#
# There is insufficient memory for the Java Runtime Environment to continue.
# Native memory allocation (malloc) failed to allocate 1048576 bytes for AllocateHeap
# Possible reasons:
#   The system is out of physical RAM or swap space
#   The process is running with CompressedOops enabled, and the Java Heap may be blocking the growth of the native heap
# Possible solutions:
#   Reduce memory load on the system
#   Increase physical memory or swap space
#   Check if swap backing store is full
#   Decrease Java heap size (-Xmx/-Xms)
#   Decrease number of Java threads
#   Decrease Java thread stack sizes (-Xss)
#   Set larger code cache with -XX:ReservedCodeCacheSize=
#   JVM is running with Unscaled Compressed Oops mode in which the Java heap is
#     placed in the first 4GB address space. The Java Heap base address is the
#     maximum limit for the native heap growth. Please use -XX:HeapBaseMinAddress
#     to set the Java Heap base and to place the Java Heap above 4GB virtual address.
# This output file may be truncated or incomplete.
#
#  Out of Memory Error (allocation.cpp:44), pid=16008, tid=14584
#
# JRE version: OpenJDK Runtime Environment Temurin-17.0.10+7 (17.0.10+7) (build 17.0.10+7)
# Java VM: OpenJDK 64-Bit Server VM Temurin-17.0.10+7 (17.0.10+7, mixed mode, emulated-client, tiered, compressed oops, compressed class ptrs, g1 gc, windows-amd64)
# No core dump will be written. Minidumps are not enabled by default on client versions of Windows
#

---------------  S U M M A R Y ------------

Command Line: -XX:+HeapDumpOnOutOfMemoryError -Xmx1024m -Dsts.lsp.client=vscode -Dsts.log.file=/dev/null -XX:TieredStopAtLevel=1 -Xlog:jni+resolve=off -Dspring.config.location=file:c:\Users\Lagea Backoffice\.vscode\extensions\vmware.vscode-spring-boot-1.53.0\language-server\BOOT-INF\classes\application.properties org.springframework.ide.vscode.boot.app.BootLanguageServerBootApp

Host: 11th Gen Intel(R) Core(TM) i5-1135G7 @ 2.40GHz, 8 cores, 7G,  Windows 10 , 64 bit Build 19041 (10.0.19041.3636)
Time: Sat Mar 30 09:43:56 2024 Hora oficial do Brasil elapsed time: 61.239870 seconds (0d 0h 1m 1s)

---------------  T H R E A D  ---------------

Current thread (0x000001e3dbfbf2e0):  VMThread "VM Thread" [stack: 0x000000a646000000,0x000000a646100000] [id=14584]

Stack: [0x000000a646000000,0x000000a646100000]
Native frames: (J=compiled Java code, j=interpreted, Vv=VM code, C=native code)
V  [jvm.dll+0x67d2c9]
V  [jvm.dll+0x834afa]
V  [jvm.dll+0x8365be]
V  [jvm.dll+0x836c23]
V  [jvm.dll+0x2477ff]
V  [jvm.dll+0xa6c93]
V  [jvm.dll+0x2f8663]
V  [jvm.dll+0x2f42e0]
V  [jvm.dll+0x2dc8c7]
V  [jvm.dll+0x31fb87]
V  [jvm.dll+0x83b11b]
V  [jvm.dll+0x83be61]
V  [jvm.dll+0x83c37d]
V  [jvm.dll+0x83c754]
V  [jvm.dll+0x83c820]
V  [jvm.dll+0x7e3fba]
V  [jvm.dll+0x67c1b5]
C  [ucrtbase.dll+0x21bb2]
C  [KERNEL32.DLL+0x17344]
C  [ntdll.dll+0x526b1]

VM_Operation (0x000000a6473fedc0): G1CollectFull, mode: safepoint, requested by thread 0x000001e3e189c920


---------------  P R O C E S S  ---------------

Threads class SMR info:
_java_thread_list=0x000001e3e1759fd0, length=30, elements={
0x000001e3dbfd2370, 0x000001e3dbfd2e40, 0x000001e3e0053d20, 0x000001e3e00545f0,
0x000001e3e00550d0, 0x000001e3e00581d0, 0x000001e3e005af90, 0x000001e3e005b4b0,
0x000001e3e0268760, 0x000001e3e0270770, 0x000001e3e0b4b710, 0x000001e3e189c920,
0x000001e3e19e7020, 0x000001e3d119b7d0, 0x000001e3e189c040, 0x000001e3e0eb72f0,
0x000001e3e1a52200, 0x000001e3e1a76040, 0x000001e3e1a79300, 0x000001e3e1a76a80,
0x000001e3e1a79810, 0x000001e3e1a77ec0, 0x000001e3e1a76f90, 0x000001e3e1a78df0,
0x000001e3e1a774a0, 0x000001e3e1a779b0, 0x000001e3e1a783d0, 0x000001e3e1a79d20,
0x000001e3e1a76570, 0x000001e3e1a788e0
}

Java Threads: ( => current thread )
  0x000001e3dbfd2370 JavaThread "Reference Handler" daemon [_thread_blocked, id=16300, stack(0x000000a646100000,0x000000a646200000)]
  0x000001e3dbfd2e40 JavaThread "Finalizer" daemon [_thread_blocked, id=15108, stack(0x000000a646200000,0x000000a646300000)]
  0x000001e3e0053d20 JavaThread "Signal Dispatcher" daemon [_thread_blocked, id=16840, stack(0x000000a646300000,0x000000a646400000)]
  0x000001e3e00545f0 JavaThread "Attach Listener" daemon [_thread_blocked, id=15640, stack(0x000000a646400000,0x000000a646500000)]
  0x000001e3e00550d0 JavaThread "Service Thread" daemon [_thread_blocked, id=11044, stack(0x000000a646500000,0x000000a646600000)]
  0x000001e3e00581d0 JavaThread "Monitor Deflation Thread" daemon [_thread_blocked, id=16832, stack(0x000000a646600000,0x000000a646700000)]
  0x000001e3e005af90 JavaThread "C1 CompilerThread0" daemon [_thread_blocked, id=7444, stack(0x000000a646700000,0x000000a646800000)]
  0x000001e3e005b4b0 JavaThread "Sweeper thread" daemon [_thread_blocked, id=14360, stack(0x000000a646800000,0x000000a646900000)]
  0x000001e3e0268760 JavaThread "Notification Thread" daemon [_thread_blocked, id=10336, stack(0x000000a646a00000,0x000000a646b00000)]
  0x000001e3e0270770 JavaThread "Common-Cleaner" daemon [_thread_blocked, id=11036, stack(0x000000a646c00000,0x000000a646d00000)]
  0x000001e3e0b4b710 JavaThread "boundedElastic-evictor-1" daemon [_thread_blocked, id=13484, stack(0x000000a647000000,0x000000a647100000)]
  0x000001e3e189c920 JavaThread "pool-13-thread-1" [_thread_blocked, id=17372, stack(0x000000a647300000,0x000000a647400000)]
  0x000001e3e19e7020 JavaThread "LanguageServerApp-lifecycle" [_thread_blocked, id=1500, stack(0x000000a647700000,0x000000a647800000)]
  0x000001e3d119b7d0 JavaThread "DestroyJavaVM" [_thread_blocked, id=3776, stack(0x000000a645a00000,0x000000a645b00000)]
  0x000001e3e189c040 JavaThread "pool-14-thread-1" [_thread_in_native, id=13464, stack(0x000000a647800000,0x000000a647900000)]
  0x000001e3e0eb72f0 JavaThread "Simple-Language-Server main thread" daemon [_thread_blocked, id=2092, stack(0x000000a647900000,0x000000a647a00000)]
  0x000001e3e1a52200 JavaThread "pool-8-thread-1" [_thread_blocked, id=5108, stack(0x000000a647a00000,0x000000a647b00000)]
  0x000001e3e1a76040 JavaThread "parallel-1" daemon [_thread_blocked, id=16560, stack(0x000000a647b00000,0x000000a647c00000)]
  0x000001e3e1a79300 JavaThread "parallel-2" daemon [_thread_blocked, id=15788, stack(0x000000a647c00000,0x000000a647d00000)]
  0x000001e3e1a76a80 JavaThread "parallel-3" daemon [_thread_blocked, id=9576, stack(0x000000a647d00000,0x000000a647e00000)]
  0x000001e3e1a79810 JavaThread "parallel-4" daemon [_thread_blocked, id=16656, stack(0x000000a647e00000,0x000000a647f00000)]
  0x000001e3e1a77ec0 JavaThread "pool-5-thread-1" [_thread_blocked, id=16496, stack(0x000000a647f00000,0x000000a648000000)]
  0x000001e3e1a76f90 JavaThread "ForkJoinPool.commonPool-worker-1" daemon [_thread_blocked, id=1276, stack(0x000000a648000000,0x000000a648100000)]
  0x000001e3e1a78df0 JavaThread "pool-5-thread-2" [_thread_blocked, id=4176, stack(0x000000a648100000,0x000000a648200000)]
  0x000001e3e1a774a0 JavaThread "pool-6-thread-1" [_thread_blocked, id=5980, stack(0x000000a648200000,0x000000a648300000)]
  0x000001e3e1a779b0 JavaThread "parallel-5" daemon [_thread_blocked, id=16528, stack(0x000000a648300000,0x000000a648400000)]
  0x000001e3e1a783d0 JavaThread "parallel-6" daemon [_thread_blocked, id=16756, stack(0x000000a648400000,0x000000a648500000)]
  0x000001e3e1a79d20 JavaThread "parallel-7" daemon [_thread_blocked, id=16616, stack(0x000000a648500000,0x000000a648600000)]
  0x000001e3e1a76570 JavaThread "parallel-8" daemon [_thread_blocked, id=17132, stack(0x000000a648600000,0x000000a648700000)]
  0x000001e3e1a788e0 JavaThread "Reconciler-1" daemon [_thread_blocked, id=1044, stack(0x000000a648700000,0x000000a648800000)]

Other Threads:
=>0x000001e3dbfbf2e0 VMThread "VM Thread" [stack: 0x000000a646000000,0x000000a646100000] [id=14584]
  0x000001e3e0269050 WatcherThread [stack: 0x000000a646b00000,0x000000a646c00000] [id=10640]
  0x000001e3d11d9f00 GCTaskThread "GC Thread#0" [stack: 0x000000a645b00000,0x000000a645c00000] [id=3692]
  0x000001e3e0f6dcf0 GCTaskThread "GC Thread#1" [stack: 0x000000a646d00000,0x000000a646e00000] [id=16976]
  0x000001e3e00dbc80 GCTaskThread "GC Thread#2" [stack: 0x000000a646e00000,0x000000a646f00000] [id=8152]
  0x000001e3e0f72460 GCTaskThread "GC Thread#3" [stack: 0x000000a646f00000,0x000000a647000000] [id=13872]
  0x000001e3e119c200 GCTaskThread "GC Thread#4" [stack: 0x000000a647100000,0x000000a647200000] [id=11876]
  0x000001e3e119c4c0 GCTaskThread "GC Thread#5" [stack: 0x000000a647200000,0x000000a647300000] [id=15660]
  0x000001e3e14c6cc0 GCTaskThread "GC Thread#6" [stack: 0x000000a647400000,0x000000a647500000] [id=10908]
  0x000001e3e14c6f80 GCTaskThread "GC Thread#7" [stack: 0x000000a647500000,0x000000a647600000] [id=14396]
  0x000001e3d11e2d60 ConcurrentGCThread "G1 Main Marker" [stack: 0x000000a645c00000,0x000000a645d00000] [id=984]
  0x000001e3d11e3690 ConcurrentGCThread "G1 Conc#0" [stack: 0x000000a645d00000,0x000000a645e00000] [id=16748]
  0x000001e3e141b350 ConcurrentGCThread "G1 Conc#1" [stack: 0x000000a647600000,0x000000a647700000] [id=12116]
  0x000001e3dbe22510 ConcurrentGCThread "G1 Refine#0" [stack: 0x000000a645e00000,0x000000a645f00000] [id=9820]
  0x000001e3d124dc30 ConcurrentGCThread "G1 Service" [stack: 0x000000a645f00000,0x000000a646000000] [id=4632]

Threads with active compile tasks:

VM state: at safepoint (normal execution)

VM Mutex/Monitor currently owned by a thread:  ([mutex/lock_event])
[0x000001e3cefce6c0] Threads_lock - owner thread: 0x000001e3dbfbf2e0
[0x000001e3d1198110] Heap_lock - owner thread: 0x000001e3e189c920

Heap address: 0x00000000c0000000, size: 1024 MB, Compressed Oops mode: 32-bit

CDS archive(s) not mapped
Compressed class space mapped at: 0x0000000100000000-0x0000000140000000, reserved size: 1073741824
Narrow klass base: 0x0000000000000000, Narrow klass shift: 3, Narrow klass range: 0x140000000

GC Precious Log:
 CPUs: 8 total, 8 available
 Memory: 7915M
 Large Page Support: Disabled
 NUMA Support: Disabled
 Compressed Oops: Enabled (32-bit)
 Heap Region Size: 1M
 Heap Min Capacity: 8M
 Heap Initial Capacity: 124M
 Heap Max Capacity: 1G
 Pre-touch: Disabled
 Parallel Workers: 8
 Concurrent Workers: 2
 Concurrent Refinement Workers: 8
 Periodic GC: Disabled

Heap:
 garbage-first heap   total 75776K, used 49699K [0x00000000c0000000, 0x0000000100000000)
  region size 1024K, 26 young (26624K), 4 survivors (4096K)
 Metaspace       used 38957K, committed 39360K, reserved 1114112K
  class space    used 5155K, committed 5376K, reserved 1048576K

Heap Regions: E=young(eden), S=young(survivor), O=old, HS=humongous(starts), HC=humongous(continues), CS=collection set, F=free, OA=open archive, CA=closed archive, TAMS=top-at-mark-start (previous, next)
|   0|0x00000000c0000000, 0x00000000c0100000, 0x00000000c0100000|100%|HS|  |TAMS 0x00000000c0100000, 0x00000000c0000000| Complete 
|   1|0x00000000c0100000, 0x00000000c0200000, 0x00000000c0200000|100%|HC|  |TAMS 0x00000000c0200000, 0x00000000c0100000| Complete 
|   2|0x00000000c0200000, 0x00000000c0300000, 0x00000000c0300000|100%|HC|  |TAMS 0x00000000c0300000, 0x00000000c0200000| Complete 
|   3|0x00000000c0300000, 0x00000000c0400000, 0x00000000c0400000|100%|HC|  |TAMS 0x00000000c0400000, 0x00000000c0300000| Complete 
|   4|0x00000000c0400000, 0x00000000c0500000, 0x00000000c0500000|100%|HS|  |TAMS 0x00000000c0500000, 0x00000000c0400000| Complete 
|   5|0x00000000c0500000, 0x00000000c0600000, 0x00000000c0600000|100%|HC|  |TAMS 0x00000000c0600000, 0x00000000c0500000| Complete 
|   6|0x00000000c0600000, 0x00000000c0700000, 0x00000000c0700000|100%| O|  |TAMS 0x00000000c0700000, 0x00000000c0600000| Untracked 
|   7|0x00000000c0700000, 0x00000000c0800000, 0x00000000c0800000|100%| O|  |TAMS 0x00000000c0800000, 0x00000000c0700000| Untracked 
|   8|0x00000000c0800000, 0x00000000c0900000, 0x00000000c0900000|100%| O|  |TAMS 0x00000000c0900000, 0x00000000c0800000| Untracked 
|   9|0x00000000c0900000, 0x00000000c0a00000, 0x00000000c0a00000|100%| O|  |TAMS 0x00000000c0a00000, 0x00000000c0900000| Untracked 
|  10|0x00000000c0a00000, 0x00000000c0b00000, 0x00000000c0b00000|100%| O|  |TAMS 0x00000000c0b00000, 0x00000000c0a00000| Untracked 
|  11|0x00000000c0b00000, 0x00000000c0c00000, 0x00000000c0c00000|100%| O|  |TAMS 0x00000000c0c00000, 0x00000000c0b00000| Untracked 
|  12|0x00000000c0c00000, 0x00000000c0d00000, 0x00000000c0d00000|100%| O|  |TAMS 0x00000000c0d00000, 0x00000000c0c00000| Untracked 
|  13|0x00000000c0d00000, 0x00000000c0e00000, 0x00000000c0e00000|100%| O|  |TAMS 0x00000000c0e00000, 0x00000000c0d00000| Untracked 
|  14|0x00000000c0e00000, 0x00000000c0f00000, 0x00000000c0f00000|100%| O|  |TAMS 0x00000000c0f00000, 0x00000000c0e00000| Untracked 
|  15|0x00000000c0f00000, 0x00000000c0fb8a00, 0x00000000c1000000| 72%| O|  |TAMS 0x00000000c0fb8a00, 0x00000000c0f00000| Untracked 
|  16|0x00000000c1000000, 0x00000000c1100000, 0x00000000c1100000|100%| O|  |TAMS 0x00000000c1100000, 0x00000000c1000000| Untracked 
|  17|0x00000000c1100000, 0x00000000c1200000, 0x00000000c1200000|100%| O|  |TAMS 0x00000000c1200000, 0x00000000c1100000| Untracked 
|  18|0x00000000c1200000, 0x00000000c1300000, 0x00000000c1300000|100%| O|  |TAMS 0x00000000c1300000, 0x00000000c1200000| Untracked 
|  19|0x00000000c1300000, 0x00000000c1400000, 0x00000000c1400000|100%| O|  |TAMS 0x00000000c1400000, 0x00000000c1300000| Untracked 
|  20|0x00000000c1400000, 0x00000000c1500000, 0x00000000c1500000|100%| O|  |TAMS 0x00000000c1500000, 0x00000000c1400000| Untracked 
|  21|0x00000000c1500000, 0x00000000c1600000, 0x00000000c1600000|100%| O|  |TAMS 0x00000000c1600000, 0x00000000c1500000| Untracked 
|  22|0x00000000c1600000, 0x00000000c1700000, 0x00000000c1700000|100%| O|  |TAMS 0x00000000c1700000, 0x00000000c1600000| Untracked 
|  23|0x00000000c1700000, 0x00000000c17d0400, 0x00000000c1800000| 81%| O|  |TAMS 0x00000000c175bc00, 0x00000000c1700000| Untracked 
|  24|0x00000000c1800000, 0x00000000c1800000, 0x00000000c1900000|  0%| F|  |TAMS 0x00000000c1800000, 0x00000000c1800000| Untracked 
|  25|0x00000000c1900000, 0x00000000c1900000, 0x00000000c1a00000|  0%| F|  |TAMS 0x00000000c1900000, 0x00000000c1900000| Untracked 
|  26|0x00000000c1a00000, 0x00000000c1a00000, 0x00000000c1b00000|  0%| F|  |TAMS 0x00000000c1a00000, 0x00000000c1a00000| Untracked 
|  27|0x00000000c1b00000, 0x00000000c1b00000, 0x00000000c1c00000|  0%| F|  |TAMS 0x00000000c1b00000, 0x00000000c1b00000| Untracked 
|  28|0x00000000c1c00000, 0x00000000c1c00000, 0x00000000c1d00000|  0%| F|  |TAMS 0x00000000c1c00000, 0x00000000c1c00000| Untracked 
|  29|0x00000000c1d00000, 0x00000000c1d00000, 0x00000000c1e00000|  0%| F|  |TAMS 0x00000000c1d00000, 0x00000000c1d00000| Untracked 
|  30|0x00000000c1e00000, 0x00000000c1e00000, 0x00000000c1f00000|  0%| F|  |TAMS 0x00000000c1e00000, 0x00000000c1e00000| Untracked 
|  31|0x00000000c1f00000, 0x00000000c1f00000, 0x00000000c2000000|  0%| F|  |TAMS 0x00000000c1f00000, 0x00000000c1f00000| Untracked 
|  32|0x00000000c2000000, 0x00000000c2000000, 0x00000000c2100000|  0%| F|  |TAMS 0x00000000c2000000, 0x00000000c2000000| Untracked 
|  33|0x00000000c2100000, 0x00000000c2100000, 0x00000000c2200000|  0%| F|  |TAMS 0x00000000c2100000, 0x00000000c2100000| Untracked 
|  34|0x00000000c2200000, 0x00000000c2200000, 0x00000000c2300000|  0%| F|  |TAMS 0x00000000c2200000, 0x00000000c2200000| Untracked 
|  35|0x00000000c2300000, 0x00000000c2300000, 0x00000000c2400000|  0%| F|  |TAMS 0x00000000c2300000, 0x00000000c2300000| Untracked 
|  36|0x00000000c2400000, 0x00000000c2400000, 0x00000000c2500000|  0%| F|  |TAMS 0x00000000c2400000, 0x00000000c2400000| Untracked 
|  37|0x00000000c2500000, 0x00000000c2500000, 0x00000000c2600000|  0%| F|  |TAMS 0x00000000c2500000, 0x00000000c2500000| Untracked 
|  38|0x00000000c2600000, 0x00000000c2600000, 0x00000000c2700000|  0%| F|  |TAMS 0x00000000c2600000, 0x00000000c2600000| Untracked 
|  39|0x00000000c2700000, 0x00000000c2700000, 0x00000000c2800000|  0%| F|  |TAMS 0x00000000c2700000, 0x00000000c2700000| Untracked 
|  40|0x00000000c2800000, 0x00000000c2800000, 0x00000000c2900000|  0%| F|  |TAMS 0x00000000c2800000, 0x00000000c2800000| Untracked 
|  41|0x00000000c2900000, 0x00000000c2900000, 0x00000000c2a00000|  0%| F|  |TAMS 0x00000000c2900000, 0x00000000c2900000| Untracked 
|  42|0x00000000c2a00000, 0x00000000c2b00000, 0x00000000c2b00000|100%| S|CS|TAMS 0x00000000c2a00000, 0x00000000c2a00000| Complete 
|  43|0x00000000c2b00000, 0x00000000c2c00000, 0x00000000c2c00000|100%| S|CS|TAMS 0x00000000c2b00000, 0x00000000c2b00000| Complete 
|  44|0x00000000c2c00000, 0x00000000c2d00000, 0x00000000c2d00000|100%| S|CS|TAMS 0x00000000c2c00000, 0x00000000c2c00000| Complete 
|  45|0x00000000c2d00000, 0x00000000c2d00000, 0x00000000c2e00000|  0%| F|  |TAMS 0x00000000c2d00000, 0x00000000c2d00000| Untracked 
|  46|0x00000000c2e00000, 0x00000000c2e00000, 0x00000000c2f00000|  0%| F|  |TAMS 0x00000000c2e00000, 0x00000000c2e00000| Untracked 
|  47|0x00000000c2f00000, 0x00000000c2f00000, 0x00000000c3000000|  0%| F|  |TAMS 0x00000000c2f00000, 0x00000000c2f00000| Untracked 
|  48|0x00000000c3000000, 0x00000000c3100000, 0x00000000c3100000|100%| S|CS|TAMS 0x00000000c3000000, 0x00000000c3000000| Complete 
|  49|0x00000000c3100000, 0x00000000c3100000, 0x00000000c3200000|  0%| F|  |TAMS 0x00000000c3100000, 0x00000000c3100000| Untracked 
|  50|0x00000000c3200000, 0x00000000c3200000, 0x00000000c3300000|  0%| F|  |TAMS 0x00000000c3200000, 0x00000000c3200000| Untracked 
|  51|0x00000000c3300000, 0x00000000c3300000, 0x00000000c3400000|  0%| F|  |TAMS 0x00000000c3300000, 0x00000000c3300000| Untracked 
|  52|0x00000000c3400000, 0x00000000c34e59c8, 0x00000000c3500000| 89%| E|  |TAMS 0x00000000c3400000, 0x00000000c3400000| Complete 
|  53|0x00000000c3500000, 0x00000000c3600000, 0x00000000c3600000|100%| E|CS|TAMS 0x00000000c3500000, 0x00000000c3500000| Complete 
|  54|0x00000000c3600000, 0x00000000c3700000, 0x00000000c3700000|100%| E|CS|TAMS 0x00000000c3600000, 0x00000000c3600000| Complete 
|  55|0x00000000c3700000, 0x00000000c3800000, 0x00000000c3800000|100%| E|CS|TAMS 0x00000000c3700000, 0x00000000c3700000| Complete 
|  56|0x00000000c3800000, 0x00000000c3900000, 0x00000000c3900000|100%| E|CS|TAMS 0x00000000c3800000, 0x00000000c3800000| Complete 
|  57|0x00000000c3900000, 0x00000000c3a00000, 0x00000000c3a00000|100%| E|CS|TAMS 0x00000000c3900000, 0x00000000c3900000| Complete 
|  58|0x00000000c3a00000, 0x00000000c3b00000, 0x00000000c3b00000|100%| E|CS|TAMS 0x00000000c3a00000, 0x00000000c3a00000| Complete 
|  59|0x00000000c3b00000, 0x00000000c3c00000, 0x00000000c3c00000|100%| E|CS|TAMS 0x00000000c3b00000, 0x00000000c3b00000| Complete 
|  60|0x00000000c3c00000, 0x00000000c3d00000, 0x00000000c3d00000|100%| E|CS|TAMS 0x00000000c3c00000, 0x00000000c3c00000| Complete 
|  61|0x00000000c3d00000, 0x00000000c3e00000, 0x00000000c3e00000|100%| E|CS|TAMS 0x00000000c3d00000, 0x00000000c3d00000| Complete 
|  62|0x00000000c3e00000, 0x00000000c3f00000, 0x00000000c3f00000|100%| E|CS|TAMS 0x00000000c3e00000, 0x00000000c3e00000| Complete 
|  63|0x00000000c3f00000, 0x00000000c4000000, 0x00000000c4000000|100%| E|CS|TAMS 0x00000000c3f00000, 0x00000000c3f00000| Complete 
|  64|0x00000000c4000000, 0x00000000c4100000, 0x00000000c4100000|100%| E|CS|TAMS 0x00000000c4000000, 0x00000000c4000000| Complete 
|  65|0x00000000c4100000, 0x00000000c4200000, 0x00000000c4200000|100%| E|CS|TAMS 0x00000000c4100000, 0x00000000c4100000| Complete 
|  66|0x00000000c4200000, 0x00000000c4300000, 0x00000000c4300000|100%| E|CS|TAMS 0x00000000c4200000, 0x00000000c4200000| Complete 
|  67|0x00000000c4300000, 0x00000000c4400000, 0x00000000c4400000|100%| E|CS|TAMS 0x00000000c4300000, 0x00000000c4300000| Complete 
|  85|0x00000000c5500000, 0x00000000c5600000, 0x00000000c5600000|100%| E|CS|TAMS 0x00000000c5500000, 0x00000000c5500000| Complete 
|  86|0x00000000c5600000, 0x00000000c5700000, 0x00000000c5700000|100%| E|CS|TAMS 0x00000000c5600000, 0x00000000c5600000| Complete 
|  87|0x00000000c5700000, 0x00000000c5800000, 0x00000000c5800000|100%| E|CS|TAMS 0x00000000c5700000, 0x00000000c5700000| Complete 
|  88|0x00000000c5800000, 0x00000000c5900000, 0x00000000c5900000|100%| E|CS|TAMS 0x00000000c5800000, 0x00000000c5800000| Complete 
|  89|0x00000000c5900000, 0x00000000c5a00000, 0x00000000c5a00000|100%| E|CS|TAMS 0x00000000c5900000, 0x00000000c5900000| Complete 
| 123|0x00000000c7b00000, 0x00000000c7c00000, 0x00000000c7c00000|100%| E|CS|TAMS 0x00000000c7b00000, 0x00000000c7b00000| Complete 

Card table byte_map: [0x000001e3d7140000,0x000001e3d7340000] _byte_map_base: 0x000001e3d6b40000

Marking Bits (Prev, Next): (CMBitMap*) 0x000001e3d11da430, (CMBitMap*) 0x000001e3d11da470
 Prev Bits: [0x000001e3d7540000, 0x000001e3d8540000)
 Next Bits: [0x000001e3d8540000, 0x000001e3d9540000)

Polling page: 0x000001e3cf0f0000

Metaspace:

Usage:
  Non-class:     33.01 MB used.
      Class:      5.03 MB used.
       Both:     38.04 MB used.

Virtual space:
  Non-class space:       64.00 MB reserved,      33.19 MB ( 52%) committed,  1 nodes.
      Class space:        1.00 GB reserved,       5.25 MB ( <1%) committed,  1 nodes.
             Both:        1.06 GB reserved,      38.44 MB (  4%) committed. 

Chunk freelists:
   Non-Class:  14.76 MB
       Class:  10.73 MB
        Both:  25.49 MB

MaxMetaspaceSize: unlimited
CompressedClassSpaceSize: 1.00 GB
Initial GC threshold: 21.00 MB
Current GC threshold: 59.00 MB
CDS: off
MetaspaceReclaimPolicy: balanced
 - commit_granule_bytes: 65536.
 - commit_granule_words: 8192.
 - virtual_space_node_default_size: 8388608.
 - enlarge_chunks_in_place: 1.
 - new_chunks_are_fully_committed: 0.
 - uncommit_free_chunks: 1.
 - use_allocation_guard: 0.
 - handle_deallocations: 1.


Internal statistics:

num_allocs_failed_limit: 8.
num_arena_births: 502.
num_arena_deaths: 0.
num_vsnodes_births: 2.
num_vsnodes_deaths: 0.
num_space_committed: 615.
num_space_uncommitted: 0.
num_chunks_returned_to_freelist: 8.
num_chunks_taken_from_freelist: 1671.
num_chunk_merges: 5.
num_chunk_splits: 1144.
num_chunks_enlarged: 861.
num_inconsistent_stats: 0.

CodeCache: size=49152Kb used=6777Kb max_used=7319Kb free=42374Kb
 bounds [0x000001e3d3e30000, 0x000001e3d4560000, 0x000001e3d6e30000]
 total_blobs=4183 nmethods=3640 adapters=470
 compilation: enabled
              stopped_count=0, restarted_count=0
 full_count=0

Compilation events (20 events):
Event: 21.975 Thread 0x000001e3e0a9c450 3628       1       java.io.StringWriter::append (6 bytes)
Event: 21.975 Thread 0x000001e3e005af90 3629       1       java.io.StringWriter::append (10 bytes)
Event: 21.975 Thread 0x000001e3e0a9c450 nmethod 3628 0x000001e3d4555490 code [0x000001e3d4555640, 0x000001e3d4555898]
Event: 21.975 Thread 0x000001e3e005af90 nmethod 3629 0x000001e3d4555a10 code [0x000001e3d4555bc0, 0x000001e3d4555df8]
Event: 22.513 Thread 0x000001e3e005af90 3630       1       java.lang.invoke.MethodHandle::bindArgumentL (10 bytes)
Event: 22.513 Thread 0x000001e3e005af90 nmethod 3630 0x000001e3d409c910 code [0x000001e3d409cac0, 0x000001e3d409cce8]
Event: 22.513 Thread 0x000001e3e005af90 3632       1       java.lang.invoke.InvokerBytecodeGenerator::emitIconstInsn (75 bytes)
Event: 22.514 Thread 0x000001e3e005af90 nmethod 3632 0x000001e3d409c310 code [0x000001e3d409c500, 0x000001e3d409c7b8]
Event: 22.515 Thread 0x000001e3e005af90 3633       1       jdk.internal.reflect.Reflection::verifyMemberAccess (200 bytes)
Event: 22.520 Thread 0x000001e3e005af90 nmethod 3633 0x000001e3d409aa90 code [0x000001e3d409ae00, 0x000001e3d409bc28]
Event: 22.524 Thread 0x000001e3e005af90 3634       1       reactor.core.publisher.InternalMonoOperator::nextOptimizableSource (5 bytes)
Event: 22.524 Thread 0x000001e3e005af90 nmethod 3634 0x000001e3d409a790 code [0x000001e3d409a920, 0x000001e3d409a9f8]
Event: 41.102 Thread 0x000001e3e005af90 3635       1       java.lang.Thread::interrupted (23 bytes)
Event: 41.102 Thread 0x000001e3e005af90 nmethod 3635 0x000001e3d409a490 code [0x000001e3d409a620, 0x000001e3d409a708]
Event: 61.122 Thread 0x000001e3e005af90 3636       1       java.util.concurrent.locks.AbstractQueuedSynchronizer::signalNext (34 bytes)
Event: 61.124 Thread 0x000001e3e005af90 nmethod 3636 0x000001e3d409a090 code [0x000001e3d409a220, 0x000001e3d409a368]
Event: 61.125 Thread 0x000001e3e005af90 3637       1       java.lang.invoke.StringConcatFactory::parseRecipe (198 bytes)
Event: 61.129 Thread 0x000001e3e005af90 nmethod 3637 0x000001e3d4098790 code [0x000001e3d4098a60, 0x000001e3d40997b8]
Event: 61.236 Thread 0x000001e3e005af90 3640       1       java.util.logging.Logger::getName (5 bytes)
Event: 61.236 Thread 0x000001e3e005af90 nmethod 3640 0x000001e3d4097e90 code [0x000001e3d4098020, 0x000001e3d40980f8]

GC Heap History (12 events):
Event: 12.126 GC heap before
{Heap before GC invocations=0 (full 0):
 garbage-first heap   total 126976K, used 28672K [0x00000000c0000000, 0x0000000100000000)
  region size 1024K, 23 young (23552K), 0 survivors (0K)
 Metaspace       used 8002K, committed 8128K, reserved 1114112K
  class space    used 884K, committed 960K, reserved 1048576K
}
Event: 12.139 GC heap after
{Heap after GC invocations=1 (full 0):
 garbage-first heap   total 126976K, used 15652K [0x00000000c0000000, 0x0000000100000000)
  region size 1024K, 3 young (3072K), 3 survivors (3072K)
 Metaspace       used 8002K, committed 8128K, reserved 1114112K
  class space    used 884K, committed 960K, reserved 1048576K
}
Event: 13.136 GC heap before
{Heap before GC invocations=1 (full 0):
 garbage-first heap   total 126976K, used 39204K [0x00000000c0000000, 0x0000000100000000)
  region size 1024K, 26 young (26624K), 3 survivors (3072K)
 Metaspace       used 13996K, committed 14208K, reserved 1114112K
  class space    used 1735K, committed 1856K, reserved 1048576K
}
Event: 13.148 GC heap after
{Heap after GC invocations=2 (full 0):
 garbage-first heap   total 126976K, used 17852K [0x00000000c0000000, 0x0000000100000000)
  region size 1024K, 2 young (2048K), 2 survivors (2048K)
 Metaspace       used 13996K, committed 14208K, reserved 1114112K
  class space    used 1735K, committed 1856K, reserved 1048576K
}
Event: 14.027 GC heap before
{Heap before GC invocations=2 (full 0):
 garbage-first heap   total 126976K, used 49596K [0x00000000c0000000, 0x0000000100000000)
  region size 1024K, 34 young (34816K), 2 survivors (2048K)
 Metaspace       used 21252K, committed 21504K, reserved 1114112K
  class space    used 2615K, committed 2752K, reserved 1048576K
}
Event: 14.034 GC heap after
{Heap after GC invocations=3 (full 0):
 garbage-first heap   total 126976K, used 20885K [0x00000000c0000000, 0x0000000100000000)
  region size 1024K, 5 young (5120K), 5 survivors (5120K)
 Metaspace       used 21252K, committed 21504K, reserved 1114112K
  class space    used 2615K, committed 2752K, reserved 1048576K
}
Event: 15.728 GC heap before
{Heap before GC invocations=4 (full 0):
 garbage-first heap   total 75776K, used 56725K [0x00000000c0000000, 0x0000000100000000)
  region size 1024K, 42 young (43008K), 5 survivors (5120K)
 Metaspace       used 27833K, committed 28096K, reserved 1114112K
  class space    used 3461K, committed 3584K, reserved 1048576K
}
Event: 15.743 GC heap after
{Heap after GC invocations=5 (full 0):
 garbage-first heap   total 75776K, used 23856K [0x00000000c0000000, 0x0000000100000000)
  region size 1024K, 6 young (6144K), 6 survivors (6144K)
 Metaspace       used 27833K, committed 28096K, reserved 1114112K
  class space    used 3461K, committed 3584K, reserved 1048576K
}
Event: 17.534 GC heap before
{Heap before GC invocations=5 (full 0):
 garbage-first heap   total 75776K, used 50480K [0x00000000c0000000, 0x0000000100000000)
  region size 1024K, 32 young (32768K), 6 survivors (6144K)
 Metaspace       used 32070K, committed 32512K, reserved 1114112K
  class space    used 4070K, committed 4288K, reserved 1048576K
}
Event: 17.551 GC heap after
{Heap after GC invocations=6 (full 0):
 garbage-first heap   total 75776K, used 26193K [0x00000000c0000000, 0x0000000100000000)
  region size 1024K, 3 young (3072K), 3 survivors (3072K)
 Metaspace       used 32070K, committed 32512K, reserved 1114112K
  class space    used 4070K, committed 4288K, reserved 1048576K
}
Event: 20.897 GC heap before
{Heap before GC invocations=6 (full 0):
 garbage-first heap   total 75776K, used 50769K [0x00000000c0000000, 0x0000000100000000)
  region size 1024K, 28 young (28672K), 3 survivors (3072K)
 Metaspace       used 35717K, committed 36096K, reserved 1114112K
  class space    used 4596K, committed 4800K, reserved 1048576K
}
Event: 20.919 GC heap after
{Heap after GC invocations=7 (full 0):
 garbage-first heap   total 75776K, used 28195K [0x00000000c0000000, 0x0000000100000000)
  region size 1024K, 4 young (4096K), 4 survivors (4096K)
 Metaspace       used 35717K, committed 36096K, reserved 1114112K
  class space    used 4596K, committed 4800K, reserved 1048576K
}

Dll operation events (8 events):
Event: 0.009 Loaded shared library c:\Users\Lagea Backoffice\.vscode\extensions\redhat.java-1.28.1-win32-x64\jre\17.0.10-win32-x86_64\bin\java.dll
Event: 0.392 Loaded shared library C:\Users\Lagea Backoffice\.vscode\extensions\redhat.java-1.28.1-win32-x64\jre\17.0.10-win32-x86_64\bin\net.dll
Event: 0.396 Loaded shared library C:\Users\Lagea Backoffice\.vscode\extensions\redhat.java-1.28.1-win32-x64\jre\17.0.10-win32-x86_64\bin\nio.dll
Event: 1.083 Loaded shared library C:\Users\Lagea Backoffice\.vscode\extensions\redhat.java-1.28.1-win32-x64\jre\17.0.10-win32-x86_64\bin\zip.dll
Event: 10.845 Loaded shared library C:\Users\Lagea Backoffice\.vscode\extensions\redhat.java-1.28.1-win32-x64\jre\17.0.10-win32-x86_64\bin\jimage.dll
Event: 13.915 Loaded shared library c:\Users\Lagea Backoffice\.vscode\extensions\redhat.java-1.28.1-win32-x64\jre\17.0.10-win32-x86_64\bin\verify.dll
Event: 21.121 Loaded shared library C:\Users\Lagea Backoffice\.vscode\extensions\redhat.java-1.28.1-win32-x64\jre\17.0.10-win32-x86_64\bin\management.dll
Event: 21.127 Loaded shared library C:\Users\Lagea Backoffice\.vscode\extensions\redhat.java-1.28.1-win32-x64\jre\17.0.10-win32-x86_64\bin\management_ext.dll

Deoptimization events (4 events):
Event: 21.714 Thread 0x000001e3e189c040 DEOPT PACKING pc=0x000001e3d4377f81 sp=0x000000a6478fe0c0
Event: 21.714 Thread 0x000001e3e189c040 DEOPT UNPACKING pc=0x000001e3d3e8ace3 sp=0x000000a6478fd550 mode 3
Event: 21.728 Thread 0x000001e3e1a52200 DEOPT PACKING pc=0x000001e3d4356797 sp=0x000000a647afefe0
Event: 21.728 Thread 0x000001e3e1a52200 DEOPT UNPACKING pc=0x000001e3d3e8ace3 sp=0x000000a647afe438 mode 3

Classes unloaded (0 events):
No events

Classes redefined (0 events):
No events

Internal exceptions (20 events):
Event: 16.746 Thread 0x000001e3d119b7d0 Exception <a 'java/lang/NoSuchMethodError'{0x00000000c3e71be8}: 'java.lang.Object java.lang.invoke.DirectMethodHandle$Holder.invokeSpecial(java.lang.Object, java.lang.Object, int, java.lang.Object, java.lang.Object)'> (0x00000000c3e71be8) 
thrown [s\src\hotspot\share\interpreter\linkResolver.cpp, line 759]
Event: 16.746 Thread 0x000001e3d119b7d0 Exception <a 'java/lang/NoSuchMethodError'{0x00000000c3e75890}: 'java.lang.Object java.lang.invoke.DelegatingMethodHandle$Holder.delegate(java.lang.Object, int, java.lang.Object, java.lang.Object)'> (0x00000000c3e75890) 
thrown [s\src\hotspot\share\interpreter\linkResolver.cpp, line 759]
Event: 16.747 Thread 0x000001e3d119b7d0 Exception <a 'java/lang/NoSuchMethodError'{0x00000000c3e86718}: 'int java.lang.invoke.Invokers$Holder.linkToTargetMethod(java.lang.Object, java.lang.Object, java.lang.Object)'> (0x00000000c3e86718) 
thrown [s\src\hotspot\share\interpreter\linkResolver.cpp, line 759]
Event: 16.906 Thread 0x000001e3d119b7d0 Exception <a 'java/lang/NoSuchMethodError'{0x00000000c391e388}: 'java.lang.Object java.lang.invoke.DirectMethodHandle$Holder.invokeStaticInit(java.lang.Object, int, int, int, int)'> (0x00000000c391e388) 
thrown [s\src\hotspot\share\interpreter\linkResolver.cpp, line 759]
Event: 16.987 Thread 0x000001e3d119b7d0 Exception <a 'java/lang/NoSuchMethodError'{0x00000000c39e3f50}: 'java.lang.Object java.lang.invoke.DirectMethodHandle$Holder.invokeStaticInit(java.lang.Object, java.lang.Object, int, int, int, int)'> (0x00000000c39e3f50) 
thrown [s\src\hotspot\share\interpreter\linkResolver.cpp, line 759]
Event: 17.466 Thread 0x000001e3d119b7d0 Exception <a 'java/lang/NoSuchMethodError'{0x00000000c303ad70}: 'void java.lang.invoke.DirectMethodHandle$Holder.invokeSpecialIFC(java.lang.Object, java.lang.Object, java.lang.Object)'> (0x00000000c303ad70) 
thrown [s\src\hotspot\share\interpreter\linkResolver.cpp, line 759]
Event: 19.320 Thread 0x000001e3d119b7d0 Exception <a 'java/lang/NoSuchMethodError'{0x00000000c391d6d8}: 'int java.lang.invoke.DirectMethodHandle$Holder.invokeStaticInit(java.lang.Object, java.lang.Object, int, java.lang.Object)'> (0x00000000c391d6d8) 
thrown [s\src\hotspot\share\interpreter\linkResolver.cpp, line 759]
Event: 19.657 Thread 0x000001e3d119b7d0 Exception <a 'java/lang/NoSuchMethodError'{0x00000000c38322a8}: 'void java.lang.invoke.DirectMethodHandle$Holder.invokeSpecial(java.lang.Object, java.lang.Object, java.lang.Object, java.lang.Object, java.lang.Object, java.lang.Object, java.lang.Object)'> (0x00000000c38322a8) 
thrown [s\src\hotspot\share\interpreter\linkResolver.cpp, line 759]
Event: 20.570 Thread 0x000001e3d119b7d0 Exception <a 'java/lang/NoSuchMethodError'{0x00000000c34d1798}: 'java.lang.Object java.lang.invoke.DirectMethodHandle$Holder.invokeInterface(java.lang.Object, java.lang.Object, int)'> (0x00000000c34d1798) 
thrown [s\src\hotspot\share\interpreter\linkResolver.cpp, line 759]
Event: 20.574 Thread 0x000001e3d119b7d0 Exception <a 'java/lang/IncompatibleClassChangeError'{0x00000000c34e8260}: Found class java.lang.Object, but interface was expected> (0x00000000c34e8260) 
thrown [s\src\hotspot\share\interpreter\linkResolver.cpp, line 826]
Event: 21.110 Thread 0x000001e3d119b7d0 Exception <a 'java/lang/NoSuchMethodError'{0x00000000c58ca040}: 'java.lang.Object java.lang.invoke.DirectMethodHandle$Holder.newInvokeSpecial(java.lang.Object, java.lang.Object, int, java.lang.Object, java.lang.Object)'> (0x00000000c58ca040) 
thrown [s\src\hotspot\share\interpreter\linkResolver.cpp, line 759]
Event: 21.112 Thread 0x000001e3d119b7d0 Exception <a 'java/lang/NoSuchMethodError'{0x00000000c58dd278}: 'java.lang.Object java.lang.invoke.DirectMethodHandle$Holder.invokeSpecial(java.lang.Object, java.lang.Object, int, java.lang.Object, int, java.lang.Object)'> (0x00000000c58dd278) 
thrown [s\src\hotspot\share\interpreter\linkResolver.cpp, line 759]
Event: 21.112 Thread 0x000001e3d119b7d0 Exception <a 'java/lang/NoSuchMethodError'{0x00000000c58e5080}: 'java.lang.Object java.lang.invoke.DirectMethodHandle$Holder.newInvokeSpecial(java.lang.Object, java.lang.Object, int, java.lang.Object, int)'> (0x00000000c58e5080) 
thrown [s\src\hotspot\share\interpreter\linkResolver.cpp, line 759]
Event: 21.112 Thread 0x000001e3d119b7d0 Exception <a 'java/lang/NoSuchMethodError'{0x00000000c58e9180}: 'java.lang.Object java.lang.invoke.DirectMethodHandle$Holder.invokeSpecial(java.lang.Object, java.lang.Object, java.lang.Object, int, java.lang.Object, int)'> (0x00000000c58e9180) 
thrown [s\src\hotspot\share\interpreter\linkResolver.cpp, line 759]
Event: 21.592 Thread 0x000001e3e0eb72f0 Exception <a 'java/lang/NoSuchMethodError'{0x00000000c3c69090}: 'java.lang.Object java.lang.invoke.DirectMethodHandle$Holder.invokeStatic(java.lang.Object, int, java.lang.Object)'> (0x00000000c3c69090) 
thrown [s\src\hotspot\share\interpreter\linkResolver.cpp, line 759]
Event: 21.630 Thread 0x000001e3e189c040 Exception <a 'java/lang/NoSuchMethodError'{0x00000000c3c507d0}: 'java.lang.Object java.lang.invoke.DirectMethodHandle$Holder.invokeStatic(java.lang.Object, java.lang.Object, java.lang.Object, int, java.lang.Object, java.lang.Object)'> (0x00000000c3c507d0) 
thrown [s\src\hotspot\share\interpreter\linkResolver.cpp, line 759]
Event: 22.513 Thread 0x000001e3e1a788e0 Exception <a 'java/lang/NoSuchMethodError'{0x00000000c34818d0}: 'int java.lang.invoke.DirectMethodHandle$Holder.invokeStatic(java.lang.Object)'> (0x00000000c34818d0) 
thrown [s\src\hotspot\share\interpreter\linkResolver.cpp, line 759]
Event: 22.513 Thread 0x000001e3e1a788e0 Exception <a 'java/lang/NoSuchMethodError'{0x00000000c3484cd0}: 'int java.lang.invoke.DirectMethodHandle$Holder.invokeStaticInit(java.lang.Object)'> (0x00000000c3484cd0) 
thrown [s\src\hotspot\share\interpreter\linkResolver.cpp, line 759]
Event: 61.153 Thread 0x000001e3e189c920 Exception <a 'java/lang/NoSuchMethodError'{0x00000000c5882ab0}: 'void java.lang.invoke.DirectMethodHandle$Holder.invokeStatic(java.lang.Object, long)'> (0x00000000c5882ab0) 
thrown [s\src\hotspot\share\interpreter\linkResolver.cpp, line 759]
Event: 61.154 Thread 0x000001e3e189c920 Exception <a 'java/lang/NoSuchMethodError'{0x00000000c5887e58}: 'java.lang.Object java.lang.invoke.DirectMethodHandle$Holder.newInvokeSpecial(java.lang.Object, long)'> (0x00000000c5887e58) 
thrown [s\src\hotspot\share\interpreter\linkResolver.cpp, line 759]

VM Operations (20 events):
Event: 20.949 Executing VM operation: G1PauseRemark done
Event: 20.957 Executing VM operation: G1PauseCleanup
Event: 20.958 Executing VM operation: G1PauseCleanup done
Event: 21.066 Executing VM operation: HandshakeAllThreads
Event: 21.067 Executing VM operation: HandshakeAllThreads done
Event: 21.068 Executing VM operation: HandshakeAllThreads
Event: 21.068 Executing VM operation: HandshakeAllThreads done
Event: 21.145 Executing VM operation: HandshakeAllThreads
Event: 21.145 Executing VM operation: HandshakeAllThreads done
Event: 21.810 Executing VM operation: HandshakeAllThreads
Event: 21.810 Executing VM operation: HandshakeAllThreads done
Event: 22.818 Executing VM operation: Cleanup
Event: 22.819 Executing VM operation: Cleanup done
Event: 60.114 Executing VM operation: HandshakeAllThreads
Event: 60.114 Executing VM operation: HandshakeAllThreads done
Event: 61.157 Executing VM operation: HandshakeAllThreads
Event: 61.158 Executing VM operation: HandshakeAllThreads done
Event: 61.158 Executing VM operation: Cleanup
Event: 61.158 Executing VM operation: Cleanup done
Event: 61.237 Executing VM operation: G1CollectFull

Events (20 events):
Event: 22.306 Thread 0x000001e3e1a788e0 Thread added: 0x000001e3e1a788e0
Event: 22.513 Thread 0x000001e3e0a9c450 Thread exited: 0x000001e3e0a9c450
Event: 22.518 loading class java/util/concurrent/atomic/AtomicLongFieldUpdater
Event: 22.519 loading class java/util/concurrent/atomic/AtomicLongFieldUpdater done
Event: 22.519 loading class java/util/concurrent/atomic/AtomicLongFieldUpdater$CASUpdater
Event: 22.519 loading class java/util/concurrent/atomic/AtomicLongFieldUpdater$CASUpdater done
Event: 22.519 loading class java/util/concurrent/atomic/AtomicLongFieldUpdater$CASUpdater$1
Event: 22.520 loading class java/util/concurrent/atomic/AtomicLongFieldUpdater$CASUpdater$1 done
Event: 61.128 loading class java/lang/ProcessBuilder
Event: 61.130 loading class java/lang/ProcessBuilder done
Event: 61.131 loading class java/lang/ProcessImpl
Event: 61.133 loading class java/lang/ProcessImpl done
Event: 61.156 loading class java/lang/ProcessImpl$2
Event: 61.156 loading class java/lang/ProcessImpl$2 done
Event: 61.156 loading class java/lang/Process$PipeInputStream
Event: 61.156 loading class java/lang/Process$PipeInputStream done
Event: 61.158 loading class jdk/internal/event/ProcessStartEvent
Event: 61.158 loading class jdk/internal/event/ProcessStartEvent done
Event: 61.236 loading class java/io/FileOutputStream$1
Event: 61.236 loading class java/io/FileOutputStream$1 done


Dynamic libraries:
0x00007ff6ad390000 - 0x00007ff6ad39e000 	c:\Users\Lagea Backoffice\.vscode\extensions\redhat.java-1.28.1-win32-x64\jre\17.0.10-win32-x86_64\bin\java.exe
0x00007fffe32f0000 - 0x00007fffe34e8000 	C:\Windows\SYSTEM32\ntdll.dll
0x00007fffe13f0000 - 0x00007fffe14ad000 	C:\Windows\System32\KERNEL32.DLL
0x00007fffe0da0000 - 0x00007fffe1096000 	C:\Windows\System32\KERNELBASE.dll
0x00007fffe0b80000 - 0x00007fffe0c80000 	C:\Windows\System32\ucrtbase.dll
0x00007fffc59d0000 - 0x00007fffc59eb000 	c:\Users\Lagea Backoffice\.vscode\extensions\redhat.java-1.28.1-win32-x64\jre\17.0.10-win32-x86_64\bin\VCRUNTIME140.dll
0x00007fffc59f0000 - 0x00007fffc5a07000 	c:\Users\Lagea Backoffice\.vscode\extensions\redhat.java-1.28.1-win32-x64\jre\17.0.10-win32-x86_64\bin\jli.dll
0x00007fffc78a0000 - 0x00007fffc7b3a000 	C:\Windows\WinSxS\amd64_microsoft.windows.common-controls_6595b64144ccf1df_6.0.19041.3636_none_60b6a03d71f818d5\COMCTL32.dll
0x00007fffe1c60000 - 0x00007fffe1cfe000 	C:\Windows\System32\msvcrt.dll
0x00007fffe1640000 - 0x00007fffe166b000 	C:\Windows\System32\GDI32.dll
0x00007fffe0a70000 - 0x00007fffe0a92000 	C:\Windows\System32\win32u.dll
0x00007fffe1200000 - 0x00007fffe1317000 	C:\Windows\System32\gdi32full.dll
0x00007fffe09a0000 - 0x00007fffe0a3d000 	C:\Windows\System32\msvcp_win.dll
0x00007fffe1670000 - 0x00007fffe180e000 	C:\Windows\System32\USER32.dll
0x00007fffe2cd0000 - 0x00007fffe2d02000 	C:\Windows\System32\IMM32.DLL
0x00007fffdc030000 - 0x00007fffdc03c000 	c:\Users\Lagea Backoffice\.vscode\extensions\redhat.java-1.28.1-win32-x64\jre\17.0.10-win32-x86_64\bin\vcruntime140_1.dll
0x00007fffc5940000 - 0x00007fffc59cd000 	c:\Users\Lagea Backoffice\.vscode\extensions\redhat.java-1.28.1-win32-x64\jre\17.0.10-win32-x86_64\bin\msvcp140.dll
0x00007fff961f0000 - 0x00007fff96e52000 	c:\Users\Lagea Backoffice\.vscode\extensions\redhat.java-1.28.1-win32-x64\jre\17.0.10-win32-x86_64\bin\server\jvm.dll
0x00007fffe14b0000 - 0x00007fffe1560000 	C:\Windows\System32\ADVAPI32.dll
0x00007fffe31f0000 - 0x00007fffe3290000 	C:\Windows\System32\sechost.dll
0x00007fffe2030000 - 0x00007fffe2155000 	C:\Windows\System32\RPCRT4.dll
0x00007fffe0a40000 - 0x00007fffe0a67000 	C:\Windows\System32\bcrypt.dll
0x00007fffe0420000 - 0x00007fffe046b000 	C:\Windows\SYSTEM32\POWRPROF.dll
0x00007fffd6820000 - 0x00007fffd6829000 	C:\Windows\SYSTEM32\WSOCK32.dll
0x00007fffc2090000 - 0x00007fffc20b7000 	C:\Windows\SYSTEM32\WINMM.dll
0x00007fffd1d70000 - 0x00007fffd1d7a000 	C:\Windows\SYSTEM32\VERSION.dll
0x00007fffe2d10000 - 0x00007fffe2d7b000 	C:\Windows\System32\WS2_32.dll
0x00007fffe0400000 - 0x00007fffe0412000 	C:\Windows\SYSTEM32\UMPDC.dll
0x00007fffdf4a0000 - 0x00007fffdf4b2000 	C:\Windows\SYSTEM32\kernel.appcore.dll
0x00007fffd67a0000 - 0x00007fffd67aa000 	c:\Users\Lagea Backoffice\.vscode\extensions\redhat.java-1.28.1-win32-x64\jre\17.0.10-win32-x86_64\bin\jimage.dll
0x00007fffde720000 - 0x00007fffde904000 	C:\Windows\SYSTEM32\DBGHELP.DLL
0x00007fffd56c0000 - 0x00007fffd56f4000 	C:\Windows\SYSTEM32\dbgcore.DLL
0x00007fffe0aa0000 - 0x00007fffe0b22000 	C:\Windows\System32\bcryptPrimitives.dll
0x00007fffc50f0000 - 0x00007fffc5115000 	c:\Users\Lagea Backoffice\.vscode\extensions\redhat.java-1.28.1-win32-x64\jre\17.0.10-win32-x86_64\bin\java.dll
0x00007fffc50d0000 - 0x00007fffc50e8000 	c:\Users\Lagea Backoffice\.vscode\extensions\redhat.java-1.28.1-win32-x64\jre\17.0.10-win32-x86_64\bin\zip.dll
0x00007fffe2160000 - 0x00007fffe28cb000 	C:\Windows\System32\SHELL32.dll
0x00007fffde910000 - 0x00007fffdf0ae000 	C:\Windows\SYSTEM32\windows.storage.dll
0x00007fffe2970000 - 0x00007fffe2cc3000 	C:\Windows\System32\combase.dll
0x00007fffe0340000 - 0x00007fffe036e000 	C:\Windows\SYSTEM32\Wldp.dll
0x00007fffe1320000 - 0x00007fffe13ed000 	C:\Windows\System32\OLEAUT32.dll
0x00007fffe19a0000 - 0x00007fffe1a4d000 	C:\Windows\System32\SHCORE.dll
0x00007fffe1a50000 - 0x00007fffe1aa5000 	C:\Windows\System32\shlwapi.dll
0x00007fffe08d0000 - 0x00007fffe08f5000 	C:\Windows\SYSTEM32\profapi.dll
0x00007fffc5000000 - 0x00007fffc5019000 	C:\Users\Lagea Backoffice\.vscode\extensions\redhat.java-1.28.1-win32-x64\jre\17.0.10-win32-x86_64\bin\net.dll
0x00007fffd9380000 - 0x00007fffd948a000 	C:\Windows\SYSTEM32\WINHTTP.dll
0x00007fffe0000000 - 0x00007fffe006a000 	C:\Windows\system32\mswsock.dll
0x00007fffc4d90000 - 0x00007fffc4da6000 	C:\Users\Lagea Backoffice\.vscode\extensions\redhat.java-1.28.1-win32-x64\jre\17.0.10-win32-x86_64\bin\nio.dll
0x00007fffd3e60000 - 0x00007fffd3e70000 	c:\Users\Lagea Backoffice\.vscode\extensions\redhat.java-1.28.1-win32-x64\jre\17.0.10-win32-x86_64\bin\verify.dll
0x00007fffe0290000 - 0x00007fffe02a8000 	C:\Windows\SYSTEM32\CRYPTSP.dll
0x00007fffdf950000 - 0x00007fffdf984000 	C:\Windows\system32\rsaenh.dll
0x00007fffe0850000 - 0x00007fffe087e000 	C:\Windows\SYSTEM32\USERENV.dll
0x00007fffe0190000 - 0x00007fffe019c000 	C:\Windows\SYSTEM32\CRYPTBASE.dll
0x00007fffdfd10000 - 0x00007fffdfd4b000 	C:\Windows\SYSTEM32\IPHLPAPI.DLL
0x00007fffe1ab0000 - 0x00007fffe1ab8000 	C:\Windows\System32\NSI.dll
0x00007fffd64c0000 - 0x00007fffd64d7000 	C:\Windows\SYSTEM32\dhcpcsvc6.DLL
0x00007fffd7b00000 - 0x00007fffd7b1d000 	C:\Windows\SYSTEM32\dhcpcsvc.DLL
0x00007fffdfd50000 - 0x00007fffdfe1b000 	C:\Windows\SYSTEM32\DNSAPI.dll
0x00007fffd98e0000 - 0x00007fffd98e9000 	C:\Users\Lagea Backoffice\.vscode\extensions\redhat.java-1.28.1-win32-x64\jre\17.0.10-win32-x86_64\bin\management.dll
0x00007fffd67b0000 - 0x00007fffd67bb000 	C:\Users\Lagea Backoffice\.vscode\extensions\redhat.java-1.28.1-win32-x64\jre\17.0.10-win32-x86_64\bin\management_ext.dll
0x00007fffe2960000 - 0x00007fffe2968000 	C:\Windows\System32\PSAPI.DLL

dbghelp: loaded successfully - version: 4.0.5 - missing functions: none
symbol engine: initialized successfully - sym options: 0x614 - pdb path: .;c:\Users\Lagea Backoffice\.vscode\extensions\redhat.java-1.28.1-win32-x64\jre\17.0.10-win32-x86_64\bin;C:\Windows\SYSTEM32;C:\Windows\WinSxS\amd64_microsoft.windows.common-controls_6595b64144ccf1df_6.0.19041.3636_none_60b6a03d71f818d5;c:\Users\Lagea Backoffice\.vscode\extensions\redhat.java-1.28.1-win32-x64\jre\17.0.10-win32-x86_64\bin\server

VM Arguments:
jvm_args: -XX:+HeapDumpOnOutOfMemoryError -Xmx1024m -Dsts.lsp.client=vscode -Dsts.log.file=/dev/null -XX:TieredStopAtLevel=1 -Xlog:jni+resolve=off -Dspring.config.location=file:c:\Users\Lagea Backoffice\.vscode\extensions\vmware.vscode-spring-boot-1.53.0\language-server\BOOT-INF\classes\application.properties 
java_command: org.springframework.ide.vscode.boot.app.BootLanguageServerBootApp
java_class_path (initial): c:\Users\Lagea Backoffice\.vscode\extensions\vmware.vscode-spring-boot-1.53.0\language-server\BOOT-INF\classes;c:\Users\Lagea Backoffice\.vscode\extensions\vmware.vscode-spring-boot-1.53.0\language-server\BOOT-INF\lib\annotations-24.1.0.jar;c:\Users\Lagea Backoffice\.vscode\extensions\vmware.vscode-spring-boot-1.53.0\language-server\BOOT-INF\lib\antlr4-runtime-4.11.1.jar;c:\Users\Lagea Backoffice\.vscode\extensions\vmware.vscode-spring-boot-1.53.0\language-server\BOOT-INF\lib\asm-9.6.jar;c:\Users\Lagea Backoffice\.vscode\extensions\vmware.vscode-spring-boot-1.53.0\language-server\BOOT-INF\lib\asm-analysis-9.6.jar;c:\Users\Lagea Backoffice\.vscode\extensions\vmware.vscode-spring-boot-1.53.0\language-server\BOOT-INF\lib\asm-tree-9.6.jar;c:\Users\Lagea Backoffice\.vscode\extensions\vmware.vscode-spring-boot-1.53.0\language-server\BOOT-INF\lib\asm-util-9.6.jar;c:\Users\Lagea Backoffice\.vscode\extensions\vmware.vscode-spring-boot-1.53.0\language-server\BOOT-INF\lib\caffeine-3.1.8.jar;c:\Users\Lagea Backoffice\.vscode\extensions\vmware.vscode-spring-boot-1.53.0\language-server\BOOT-INF\lib\checker-qual-3.12.0.jar;c:\Users\Lagea Backoffice\.vscode\extensions\vmware.vscode-spring-boot-1.53.0\language-server\BOOT-INF\lib\classgraph-4.8.149.jar;c:\Users\Lagea Backoffice\.vscode\extensions\vmware.vscode-spring-boot-1.53.0\language-server\BOOT-INF\lib\commons-codec-1.16.1.jar;c:\Users\Lagea Backoffice\.vscode\extensions\vmware.vscode-spring-boot-1.53.0\language-server\BOOT-INF\lib\commons-compress-1.26.0.jar;c:\Users\Lagea Backoffice\.vscode\extensions\vmware.vscode-spring-boot-1.53.0\language-server\BOOT-INF\lib\commons-io-2.4.jar;c:\Users\Lagea Backoffice\.vscode\extensions\vmware.vscode-spring-boot-1.53.0\language-server\BOOT-INF\lib\commons-java-1.53.0-SNAPSHOT.jar;c:\Users\Lagea Backoffice\.vscode\extensions\vmware.vscode-spring-boot-1.53.0\language-server\BOOT-INF\lib\commons-lang3-3.13.0.jar;c:\Users\Lagea Backoffice\.vscode\extensions\vmwar
Launcher Type: SUN_STANDARD

[Global flags]
     intx CICompilerCount                          = 4                                         {product} {ergonomic}
     uint ConcGCThreads                            = 2                                         {product} {ergonomic}
     uint G1ConcRefinementThreads                  = 8                                         {product} {ergonomic}
   size_t G1HeapRegionSize                         = 1048576                                   {product} {ergonomic}
    uintx GCDrainStackTargetSize                   = 64                                        {product} {ergonomic}
     bool HeapDumpOnOutOfMemoryError               = true                                   {manageable} {command line}
   size_t InitialHeapSize                          = 130023424                                 {product} {ergonomic}
   size_t MarkStackSize                            = 4194304                                   {product} {ergonomic}
   size_t MaxHeapSize                              = 1073741824                                {product} {command line}
   size_t MaxNewSize                               = 643825664                                 {product} {ergonomic}
   size_t MinHeapDeltaBytes                        = 1048576                                   {product} {ergonomic}
   size_t MinHeapSize                              = 8388608                                   {product} {ergonomic}
    uintx NonProfiledCodeHeapSize                  = 0                                      {pd product} {ergonomic}
     bool ProfileInterpreter                       = false                                  {pd product} {command line}
    uintx ProfiledCodeHeapSize                     = 0                                      {pd product} {ergonomic}
   size_t SoftMaxHeapSize                          = 1073741824                             {manageable} {ergonomic}
     intx TieredStopAtLevel                        = 1                                         {product} {command line}
     bool UseCompressedClassPointers               = true                           {product lp64_product} {ergonomic}
     bool UseCompressedOops                        = true                           {product lp64_product} {ergonomic}
     bool UseG1GC                                  = true                                      {product} {ergonomic}
     bool UseLargePagesIndividualAllocation        = false                                  {pd product} {ergonomic}

Logging:
Log output configuration:
 #0: stdout all=warning,jni+resolve=off uptime,level,tags
 #1: stderr all=off uptime,level,tags

Environment Variables:
PATH=C:\Program Files\Common Files\Oracle\Java\javapath;C:\Windows\system32;C:\Windows;C:\Windows\System32\Wbem;C:\Windows\System32\WindowsPowerShell\v1.0\;C:\Windows\System32\OpenSSH\;C:\Program Files\Git\cmd;C:\Program Files\nodejs\;C:\Program Files\dotnet\;C:\Users\Lagea Backoffice\AppData\Local\Programs\Python\Python312\Scripts\;C:\Users\Lagea Backoffice\AppData\Local\Programs\Python\Python312\;C:\Users\Lagea Backoffice\AppData\Local\Microsoft\WindowsApps;C:\Users\Lagea Backoffice\AppData\Local\Programs\Microsoft VS Code\bin;C:\Program Files\Azure Data Studio\bin;C:\Users\Lagea Backoffice\AppData\Roaming\npm;C:\apache-maven-3.9.6\bin;
USERNAME=Backoffice
OS=Windows_NT
PROCESSOR_IDENTIFIER=Intel64 Family 6 Model 140 Stepping 1, GenuineIntel
TMP=C:\Users\LAGEAB~1\AppData\Local\Temp
TEMP=C:\Users\LAGEAB~1\AppData\Local\Temp



Periodic native trim disabled


---------------  S Y S T E M  ---------------

OS:
 Windows 10 , 64 bit Build 19041 (10.0.19041.3636)
OS uptime: 0 days 23:15 hours
Hyper-V role detected

CPU: total 8 (initial active 8) (4 cores per cpu, 2 threads per core) family 6 model 140 stepping 1 microcode 0x8a, cx8, cmov, fxsr, ht, mmx, 3dnowpref, sse, sse2, sse3, ssse3, sse4.1, sse4.2, popcnt, lzcnt, tsc, tscinvbit, avx, avx2, aes, erms, clmul, bmi1, bmi2, adx, avx512f, avx512dq, avx512cd, avx512bw, avx512vl, sha, fma, vzeroupper, avx512_vpopcntdq, avx512_vpclmulqdq, avx512_vaes, avx512_vnni, clflush, clflushopt, clwb, avx512_vbmi2, avx512_vbmi, hv
Processor Information for all 8 processors :
  Max Mhz: 2419, Current Mhz: 2419, Mhz Limit: 2419

Memory: 4k page, system-wide physical 7915M (393M free)
TotalPageFile size 25105M (AvailPageFile size 1M)
current process WorkingSet (physical memory assigned to process): 163M, peak: 163M
current process commit charge ("private bytes"): 207M, peak: 230M

vm_info: OpenJDK 64-Bit Server VM (17.0.10+7) for windows-amd64 JRE (17.0.10+7), built on Jan 16 2024 23:25:11 by "admin" with MS VC++ 16.10 / 16.11 (VS2019)

END.
